#
# A fatal error has been detected by the Java Runtime Environment:
#
#  EXCEPTION_ACCESS_VIOLATION (0xc0000005) at pc=0x00007ffcedd760e5, pid=2336, tid=31096
#
# JRE version: OpenJDK Runtime Environment Corretto-17.0.10.7.1 (17.0.10+7) (build 17.0.10+7-LTS)
# Java VM: OpenJDK 64-Bit Server VM Corretto-17.0.10.7.1 (17.0.10+7-LTS, mixed mode, sharing, tiered, compressed oops, compressed class ptrs, g1 gc, windows-amd64)
# Problematic frame:
# C  [atio6axx.dll+0xd60e5]
#
# No core dump will be written. Minidumps are not enabled by default on client versions of Windows
#
# If you would like to submit a bug report, please visit:
#   https://github.com/corretto/corretto-17/issues/
# The crash happened outside the Java Virtual Machine in native code.
# See problematic frame for where to report the bug.
#

---------------  S U M M A R Y ------------

Command Line: -Dfile.encoding=windows-1252 -Duser.country=US -Duser.language=en -Duser.variant org.main.Main

Host: AMD Ryzen 9 6900HS with Radeon Graphics        , 16 cores, 15G,  Windows 11 , 64 bit Build 22621 (10.0.22621.3374)
Time: Mon Apr 15 00:51:23 2024 Eastern Daylight Time elapsed time: 0.811116 seconds (0d 0h 0m 0s)

---------------  T H R E A D  ---------------

Current thread (0x000001f94c407250):  JavaThread "game" [_thread_in_native, id=31096, stack(0x0000004291700000,0x0000004291800000)]

Stack: [0x0000004291700000,0x0000004291800000],  sp=0x00000042917ff2c8,  free space=1020k
Native frames: (J=compiled Java code, j=interpreted, Vv=VM code, C=native code)
C  [atio6axx.dll+0xd60e5]

Java frames: (J=compiled Java code, j=interpreted, Vv=VM code)
j  org.lwjgl.opengl.GL11C.nglDrawElements(IIIJ)V+0
j  org.lwjgl.opengl.GL11C.glDrawElements(IIIJ)V+4
j  org.lwjgl.opengl.GL11.glDrawElements(IIIJ)V+4
j  org.engine.graphics.Renderer.renderMesh(Lorg/engine/objects/GameObject;Lorg/engine/objects/Camera;)V+135
j  org.main.Main.render()V+115
j  org.main.Main.run()V+28
j  java.lang.Thread.run()V+11 java.base@17.0.10
v  ~StubRoutines::call_stub

siginfo: EXCEPTION_ACCESS_VIOLATION (0xc0000005), reading address 0x0000000000000000


Registers:
RAX=0x00007ffcedd760e5, RBX=0x000001f99aa6d080, RCX=0x000001f99b4af2e0, RDX=0x0000000000000000
RSP=0x00000042917ff2c8, RBP=0x0000000000000000, RSI=0x000001f99b4af2b8, RDI=0x0000000000000018
R8 =0x0000000000000018, R9 =0x00007ffcedca0000, R10=0x000000000000000e, R11=0x00007ffcefbe93cf
R12=0x0000000000000018, R13=0x000001f99b4af2e0, R14=0x0000000000000000, R15=0x0000000000000018
RIP=0x00007ffcedd760e5, EFLAGS=0x0000000000010202


Register to memory mapping:

RIP=0x00007ffcedd760e5 atio6axx.dll
RAX=0x00007ffcedd760e5 atio6axx.dll
RBX=0x000001f99aa6d080 points into unknown readable memory: 0x00007ffcf0c10830 | 30 08 c1 f0 fc 7f 00 00
RCX=0x000001f99b4af2e0 points into unknown readable memory: 0x0000000000000000 | 00 00 00 00 00 00 00 00
RDX=0x0 is NULL
RSP=0x00000042917ff2c8 is pointing into the stack for thread: 0x000001f94c407250
RBP=0x0 is NULL
RSI=0x000001f99b4af2b8 points into unknown readable memory: 0x0000000000000000 | 00 00 00 00 00 00 00 00
RDI=0x0000000000000018 is an unknown value
R8 =0x0000000000000018 is an unknown value
R9 =0x00007ffcedca0000 atio6axx.dll
R10=0x000000000000000e is an unknown value
R11=0x00007ffcefbe93cf atio6axx.dll
R12=0x0000000000000018 is an unknown value
R13=0x000001f99b4af2e0 points into unknown readable memory: 0x0000000000000000 | 00 00 00 00 00 00 00 00
R14=0x0 is NULL
R15=0x0000000000000018 is an unknown value


Top of Stack: (sp=0x00000042917ff2c8)
0x00000042917ff2c8:   00007ffcee42b55e 00000042917ff1e0
0x00000042917ff2d8:   0000000000000000 0000000000000000
0x00000042917ff2e8:   00007ffcef407676 000001f99b4af2b8
0x00000042917ff2f8:   0000000000000018 0000000000000040
0x00000042917ff308:   0000000000000000 0000000000000006
0x00000042917ff318:   0000000000001405 0000000000000000
0x00000042917ff328:   0000000000000004 000001f98e74cdf8
0x00000042917ff338:   0000000000000000 000001f99a80c698
0x00000042917ff348:   0000000000000006 000001f99aa6d080
0x00000042917ff358:   00007ffcee4fff3d 0000000000000000
0x00000042917ff368:   000001f900000004 0000000000000006
0x00000042917ff378:   0000000000001405 0000000000000000
0x00000042917ff388:   000000000017555d 000001f98e74cdf8
0x00000042917ff398:   000001f94c407250 000001f99d6502e8
0x00000042917ff3a8:   00007ffceddef75a 000001f99aa6d080
0x00000042917ff3b8:   0000003800000000 000001f99a80c698
0x00000042917ff3c8:   00000042917ff500 0000000000000006
0x00000042917ff3d8:   0000000000000004 0000000000000000
0x00000042917ff3e8:   00007ffceddf74a9 000001f99d6502e8
0x00000042917ff3f8:   0000000000001405 000001f99aa6d080
0x00000042917ff408:   00007ffcf13e6060 000001f94c407250
0x00000042917ff418:   000001f94c407250 000001f98e74cdf8
0x00000042917ff428:   000001f94c407250 000001f937ce9400
0x00000042917ff438:   000001f99a80c698 000001f98e74cd00
0x00000042917ff448:   000001f98e74cdf8 000001f94c407250
0x00000042917ff458:   00000042917ff540 0000000000000000
0x00000042917ff468:   000001f937ced621 000001f98e74cdf8
0x00000042917ff478:   00000042917ff500 000001f99ca0b4d0
0x00000042917ff488:   000001f937ce94fe 000001f900001405
0x00000042917ff498:   0000000000000000 3ff0000000000000
0x00000042917ff4a8:   000001f94c407250 000001f937ced2f6
0x00000042917ff4b8:   00000042917ff4b8 000001f98e74cdf8 

Instructions: (pc=0x00007ffcedd760e5)
0x00007ffcedd75fe5:   08 c3 f2 0f 10 02 f2 0f 11 01 0f b7 42 08 66 89
0x00007ffcedd75ff5:   41 08 0f b6 42 0a 88 41 0a c3 f2 0f 10 02 f2 0f
0x00007ffcedd76005:   11 01 8b 42 08 89 41 08 c3 f2 0f 10 02 f2 0f 11
0x00007ffcedd76015:   01 8b 42 08 89 41 08 0f b6 42 0c 88 41 0c c3 f2
0x00007ffcedd76025:   0f 10 02 f2 0f 11 01 8b 42 08 89 41 08 0f b7 42
0x00007ffcedd76035:   0c 66 89 41 0c c3 f2 0f 10 02 f2 0f 11 01 8b 42
0x00007ffcedd76045:   08 89 41 08 0f b7 42 0c 66 89 41 0c 0f b6 42 0e
0x00007ffcedd76055:   88 41 0e c3 0f 10 02 0f 11 01 c3 0f 10 02 0f 11
0x00007ffcedd76065:   01 0f b6 42 10 88 41 10 c3 0f 10 02 0f 11 01 0f
0x00007ffcedd76075:   b7 42 10 66 89 41 10 c3 0f 10 02 0f 11 01 0f b7
0x00007ffcedd76085:   42 10 66 89 41 10 0f b6 42 12 88 41 12 c3 0f 10
0x00007ffcedd76095:   02 0f 11 01 8b 42 10 89 41 10 c3 0f 10 02 0f 11
0x00007ffcedd760a5:   01 8b 42 10 89 41 10 0f b6 42 14 88 41 14 c3 0f
0x00007ffcedd760b5:   10 02 0f 11 01 8b 42 10 89 41 10 0f b7 42 14 66
0x00007ffcedd760c5:   89 41 14 c3 0f 10 02 0f 11 01 8b 42 10 89 41 10
0x00007ffcedd760d5:   0f b7 42 14 66 89 41 14 0f b6 42 16 88 41 16 c3
0x00007ffcedd760e5:   0f 10 02 0f 11 01 f2 0f 10 4a 10 f2 0f 11 49 10
0x00007ffcedd760f5:   c3 0f 10 02 0f 11 01 f2 0f 10 4a 10 f2 0f 11 49
0x00007ffcedd76105:   10 0f b6 42 18 88 41 18 c3 0f 10 02 0f 11 01 f2
0x00007ffcedd76115:   0f 10 4a 10 f2 0f 11 49 10 0f b7 42 18 66 89 41
0x00007ffcedd76125:   18 c3 0f 10 02 0f 11 01 f2 0f 10 4a 10 f2 0f 11
0x00007ffcedd76135:   49 10 0f b7 42 18 66 89 41 18 0f b6 42 1a 88 41
0x00007ffcedd76145:   1a c3 0f 10 02 0f 11 01 f2 0f 10 4a 10 f2 0f 11
0x00007ffcedd76155:   49 10 8b 42 18 89 41 18 c3 0f 10 02 0f 11 01 f2
0x00007ffcedd76165:   0f 10 4a 10 f2 0f 11 49 10 8b 42 18 89 41 18 0f
0x00007ffcedd76175:   b6 42 1c 88 41 1c c3 0f 10 02 0f 11 01 f2 0f 10
0x00007ffcedd76185:   4a 10 f2 0f 11 49 10 8b 42 18 89 41 18 0f b7 42
0x00007ffcedd76195:   1c 66 89 41 1c c3 0f 10 02 0f 11 01 f2 0f 10 4a
0x00007ffcedd761a5:   10 f2 0f 11 49 10 8b 42 18 89 41 18 0f b7 42 1c
0x00007ffcedd761b5:   66 89 41 1c 0f b6 42 1e 88 41 1e c3 0f 10 02 0f
0x00007ffcedd761c5:   11 01 0f 10 4a 10 0f 11 49 10 c3 0f 10 02 0f 11
0x00007ffcedd761d5:   01 0f 10 4a 10 0f 11 49 10 0f b6 42 20 88 41 20 


Stack slot to memory mapping:
stack at sp + 0 slots: 0x00007ffcee42b55e atio6axx.dll
stack at sp + 1 slots: 0x00000042917ff1e0 is pointing into the stack for thread: 0x000001f94c407250
stack at sp + 2 slots: 0x0 is NULL
stack at sp + 3 slots: 0x0 is NULL
stack at sp + 4 slots: 0x00007ffcef407676 atio6axx.dll
stack at sp + 5 slots: 0x000001f99b4af2b8 points into unknown readable memory: 0x0000000000000000 | 00 00 00 00 00 00 00 00
stack at sp + 6 slots: 0x0000000000000018 is an unknown value
stack at sp + 7 slots: 0x0000000000000040 is an unknown value


---------------  P R O C E S S  ---------------

Threads class SMR info:
_java_thread_list=0x000001f99ca04fe0, length=17, elements={
0x000001f94c279770, 0x000001f94c27a3f0, 0x000001f94c28fa50, 0x000001f94c294420,
0x000001f94c294de0, 0x000001f94c2957a0, 0x000001f94c296b50, 0x000001f94c297600,
0x000001f94c2a5930, 0x000001f94c3acd40, 0x000001f94c3ddb30, 0x000001f94c4008d0,
0x000001f94c407250, 0x000001f928d7f490, 0x000001f99c9507d0, 0x000001f99c950cf0,
0x000001f99ca2ad90
}

Java Threads: ( => current thread )
  0x000001f94c279770 JavaThread "Reference Handler" daemon [_thread_blocked, id=30560, stack(0x0000004290a00000,0x0000004290b00000)]
  0x000001f94c27a3f0 JavaThread "Finalizer" daemon [_thread_blocked, id=19452, stack(0x0000004290b00000,0x0000004290c00000)]
  0x000001f94c28fa50 JavaThread "Signal Dispatcher" daemon [_thread_blocked, id=8920, stack(0x0000004290c00000,0x0000004290d00000)]
  0x000001f94c294420 JavaThread "Attach Listener" daemon [_thread_blocked, id=26008, stack(0x0000004290d00000,0x0000004290e00000)]
  0x000001f94c294de0 JavaThread "Service Thread" daemon [_thread_blocked, id=25168, stack(0x0000004290e00000,0x0000004290f00000)]
  0x000001f94c2957a0 JavaThread "Monitor Deflation Thread" daemon [_thread_blocked, id=19144, stack(0x0000004290f00000,0x0000004291000000)]
  0x000001f94c296b50 JavaThread "C2 CompilerThread0" daemon [_thread_blocked, id=31376, stack(0x0000004291000000,0x0000004291100000)]
  0x000001f94c297600 JavaThread "C1 CompilerThread0" daemon [_thread_blocked, id=18992, stack(0x0000004291100000,0x0000004291200000)]
  0x000001f94c2a5930 JavaThread "Sweeper thread" daemon [_thread_blocked, id=31320, stack(0x0000004291200000,0x0000004291300000)]
  0x000001f94c3acd40 JavaThread "C1 CompilerThread1" daemon [_thread_blocked, id=13984, stack(0x0000004291300000,0x0000004291400000)]
  0x000001f94c3ddb30 JavaThread "Notification Thread" daemon [_thread_blocked, id=5964, stack(0x0000004291400000,0x0000004291500000)]
  0x000001f94c4008d0 JavaThread "Common-Cleaner" daemon [_thread_blocked, id=28040, stack(0x0000004291600000,0x0000004291700000)]
=>0x000001f94c407250 JavaThread "game" [_thread_in_native, id=31096, stack(0x0000004291700000,0x0000004291800000)]
  0x000001f928d7f490 JavaThread "DestroyJavaVM" [_thread_blocked, id=9608, stack(0x0000004290300000,0x0000004290400000)]
  0x000001f99c9507d0 JavaThread "C1 CompilerThread2" daemon [_thread_blocked, id=23960, stack(0x0000004291800000,0x0000004291900000)]
  0x000001f99c950cf0 JavaThread "C1 CompilerThread3" daemon [_thread_blocked, id=29700, stack(0x0000004291f00000,0x0000004292000000)]
  0x000001f99ca2ad90 JavaThread "C2 CompilerThread1" daemon [_thread_blocked, id=31076, stack(0x0000004292000000,0x0000004292100000)]

Other Threads:
  0x000001f94c274430 VMThread "VM Thread" [stack: 0x0000004290900000,0x0000004290a00000] [id=23848]
  0x000001f94c3fe630 WatcherThread [stack: 0x0000004291500000,0x0000004291600000] [id=13144]
  0x000001f928de9320 GCTaskThread "GC Thread#0" [stack: 0x0000004290400000,0x0000004290500000] [id=21828]
  0x000001f928df9c40 ConcurrentGCThread "G1 Main Marker" [stack: 0x0000004290500000,0x0000004290600000] [id=30252]
  0x000001f928dfa660 ConcurrentGCThread "G1 Conc#0" [stack: 0x0000004290600000,0x0000004290700000] [id=25996]
  0x000001f94bffb3e0 ConcurrentGCThread "G1 Refine#0" [stack: 0x0000004290700000,0x0000004290800000] [id=26384]
  0x000001f94bffed30 ConcurrentGCThread "G1 Service" [stack: 0x0000004290800000,0x0000004290900000] [id=4360]

Threads with active compile tasks:

VM state: not at safepoint (normal execution)

VM Mutex/Monitor currently owned by a thread: None

Heap address: 0x000000070c400000, size: 3900 MB, Compressed Oops mode: Zero based, Oop shift amount: 3

CDS archive(s) mapped at: [0x000001f94d000000-0x000001f94dbb0000-0x000001f94dbb0000), size 12255232, SharedBaseAddress: 0x000001f94d000000, ArchiveRelocationMode: 1.
Compressed class space mapped at: 0x000001f94e000000-0x000001f98e000000, reserved size: 1073741824
Narrow klass base: 0x000001f94d000000, Narrow klass shift: 0, Narrow klass range: 0x100000000

GC Precious Log:
 CPUs: 16 total, 16 available
 Memory: 15596M
 Large Page Support: Disabled
 NUMA Support: Disabled
 Compressed Oops: Enabled (Zero based)
 Heap Region Size: 2M
 Heap Min Capacity: 8M
 Heap Initial Capacity: 244M
 Heap Max Capacity: 3900M
 Pre-touch: Disabled
 Parallel Workers: 13
 Concurrent Workers: 3
 Concurrent Refinement Workers: 13
 Periodic GC: Disabled

Heap:
 garbage-first heap   total 249856K, used 14336K [0x000000070c400000, 0x0000000800000000)
  region size 2048K, 9 young (18432K), 0 survivors (0K)
 Metaspace       used 5621K, committed 5824K, reserved 1114112K
  class space    used 289K, committed 384K, reserved 1048576K

Heap Regions: E=young(eden), S=young(survivor), O=old, HS=humongous(starts), HC=humongous(continues), CS=collection set, F=free, OA=open archive, CA=closed archive, TAMS=top-at-mark-start (previous, next)
|   0|0x000000070c400000, 0x000000070c400000, 0x000000070c600000|  0%| F|  |TAMS 0x000000070c400000, 0x000000070c400000| Untracked 
|   1|0x000000070c600000, 0x000000070c600000, 0x000000070c800000|  0%| F|  |TAMS 0x000000070c600000, 0x000000070c600000| Untracked 
|   2|0x000000070c800000, 0x000000070c800000, 0x000000070ca00000|  0%| F|  |TAMS 0x000000070c800000, 0x000000070c800000| Untracked 
|   3|0x000000070ca00000, 0x000000070ca00000, 0x000000070cc00000|  0%| F|  |TAMS 0x000000070ca00000, 0x000000070ca00000| Untracked 
|   4|0x000000070cc00000, 0x000000070cc00000, 0x000000070ce00000|  0%| F|  |TAMS 0x000000070cc00000, 0x000000070cc00000| Untracked 
|   5|0x000000070ce00000, 0x000000070ce00000, 0x000000070d000000|  0%| F|  |TAMS 0x000000070ce00000, 0x000000070ce00000| Untracked 
|   6|0x000000070d000000, 0x000000070d000000, 0x000000070d200000|  0%| F|  |TAMS 0x000000070d000000, 0x000000070d000000| Untracked 
|   7|0x000000070d200000, 0x000000070d200000, 0x000000070d400000|  0%| F|  |TAMS 0x000000070d200000, 0x000000070d200000| Untracked 
|   8|0x000000070d400000, 0x000000070d400000, 0x000000070d600000|  0%| F|  |TAMS 0x000000070d400000, 0x000000070d400000| Untracked 
|   9|0x000000070d600000, 0x000000070d600000, 0x000000070d800000|  0%| F|  |TAMS 0x000000070d600000, 0x000000070d600000| Untracked 
|  10|0x000000070d800000, 0x000000070d800000, 0x000000070da00000|  0%| F|  |TAMS 0x000000070d800000, 0x000000070d800000| Untracked 
|  11|0x000000070da00000, 0x000000070da00000, 0x000000070dc00000|  0%| F|  |TAMS 0x000000070da00000, 0x000000070da00000| Untracked 
|  12|0x000000070dc00000, 0x000000070dc00000, 0x000000070de00000|  0%| F|  |TAMS 0x000000070dc00000, 0x000000070dc00000| Untracked 
|  13|0x000000070de00000, 0x000000070de00000, 0x000000070e000000|  0%| F|  |TAMS 0x000000070de00000, 0x000000070de00000| Untracked 
|  14|0x000000070e000000, 0x000000070e000000, 0x000000070e200000|  0%| F|  |TAMS 0x000000070e000000, 0x000000070e000000| Untracked 
|  15|0x000000070e200000, 0x000000070e200000, 0x000000070e400000|  0%| F|  |TAMS 0x000000070e200000, 0x000000070e200000| Untracked 
|  16|0x000000070e400000, 0x000000070e400000, 0x000000070e600000|  0%| F|  |TAMS 0x000000070e400000, 0x000000070e400000| Untracked 
|  17|0x000000070e600000, 0x000000070e600000, 0x000000070e800000|  0%| F|  |TAMS 0x000000070e600000, 0x000000070e600000| Untracked 
|  18|0x000000070e800000, 0x000000070e800000, 0x000000070ea00000|  0%| F|  |TAMS 0x000000070e800000, 0x000000070e800000| Untracked 
|  19|0x000000070ea00000, 0x000000070ea00000, 0x000000070ec00000|  0%| F|  |TAMS 0x000000070ea00000, 0x000000070ea00000| Untracked 
|  20|0x000000070ec00000, 0x000000070ec00000, 0x000000070ee00000|  0%| F|  |TAMS 0x000000070ec00000, 0x000000070ec00000| Untracked 
|  21|0x000000070ee00000, 0x000000070ee00000, 0x000000070f000000|  0%| F|  |TAMS 0x000000070ee00000, 0x000000070ee00000| Untracked 
|  22|0x000000070f000000, 0x000000070f000000, 0x000000070f200000|  0%| F|  |TAMS 0x000000070f000000, 0x000000070f000000| Untracked 
|  23|0x000000070f200000, 0x000000070f200000, 0x000000070f400000|  0%| F|  |TAMS 0x000000070f200000, 0x000000070f200000| Untracked 
|  24|0x000000070f400000, 0x000000070f400000, 0x000000070f600000|  0%| F|  |TAMS 0x000000070f400000, 0x000000070f400000| Untracked 
|  25|0x000000070f600000, 0x000000070f600000, 0x000000070f800000|  0%| F|  |TAMS 0x000000070f600000, 0x000000070f600000| Untracked 
|  26|0x000000070f800000, 0x000000070f800000, 0x000000070fa00000|  0%| F|  |TAMS 0x000000070f800000, 0x000000070f800000| Untracked 
|  27|0x000000070fa00000, 0x000000070fa00000, 0x000000070fc00000|  0%| F|  |TAMS 0x000000070fa00000, 0x000000070fa00000| Untracked 
|  28|0x000000070fc00000, 0x000000070fc00000, 0x000000070fe00000|  0%| F|  |TAMS 0x000000070fc00000, 0x000000070fc00000| Untracked 
|  29|0x000000070fe00000, 0x000000070fe00000, 0x0000000710000000|  0%| F|  |TAMS 0x000000070fe00000, 0x000000070fe00000| Untracked 
|  30|0x0000000710000000, 0x0000000710000000, 0x0000000710200000|  0%| F|  |TAMS 0x0000000710000000, 0x0000000710000000| Untracked 
|  31|0x0000000710200000, 0x0000000710200000, 0x0000000710400000|  0%| F|  |TAMS 0x0000000710200000, 0x0000000710200000| Untracked 
|  32|0x0000000710400000, 0x0000000710400000, 0x0000000710600000|  0%| F|  |TAMS 0x0000000710400000, 0x0000000710400000| Untracked 
|  33|0x0000000710600000, 0x0000000710600000, 0x0000000710800000|  0%| F|  |TAMS 0x0000000710600000, 0x0000000710600000| Untracked 
|  34|0x0000000710800000, 0x0000000710800000, 0x0000000710a00000|  0%| F|  |TAMS 0x0000000710800000, 0x0000000710800000| Untracked 
|  35|0x0000000710a00000, 0x0000000710a00000, 0x0000000710c00000|  0%| F|  |TAMS 0x0000000710a00000, 0x0000000710a00000| Untracked 
|  36|0x0000000710c00000, 0x0000000710c00000, 0x0000000710e00000|  0%| F|  |TAMS 0x0000000710c00000, 0x0000000710c00000| Untracked 
|  37|0x0000000710e00000, 0x0000000710e00000, 0x0000000711000000|  0%| F|  |TAMS 0x0000000710e00000, 0x0000000710e00000| Untracked 
|  38|0x0000000711000000, 0x0000000711000000, 0x0000000711200000|  0%| F|  |TAMS 0x0000000711000000, 0x0000000711000000| Untracked 
|  39|0x0000000711200000, 0x0000000711200000, 0x0000000711400000|  0%| F|  |TAMS 0x0000000711200000, 0x0000000711200000| Untracked 
|  40|0x0000000711400000, 0x0000000711400000, 0x0000000711600000|  0%| F|  |TAMS 0x0000000711400000, 0x0000000711400000| Untracked 
|  41|0x0000000711600000, 0x0000000711600000, 0x0000000711800000|  0%| F|  |TAMS 0x0000000711600000, 0x0000000711600000| Untracked 
|  42|0x0000000711800000, 0x0000000711800000, 0x0000000711a00000|  0%| F|  |TAMS 0x0000000711800000, 0x0000000711800000| Untracked 
|  43|0x0000000711a00000, 0x0000000711a00000, 0x0000000711c00000|  0%| F|  |TAMS 0x0000000711a00000, 0x0000000711a00000| Untracked 
|  44|0x0000000711c00000, 0x0000000711c00000, 0x0000000711e00000|  0%| F|  |TAMS 0x0000000711c00000, 0x0000000711c00000| Untracked 
|  45|0x0000000711e00000, 0x0000000711e00000, 0x0000000712000000|  0%| F|  |TAMS 0x0000000711e00000, 0x0000000711e00000| Untracked 
|  46|0x0000000712000000, 0x0000000712000000, 0x0000000712200000|  0%| F|  |TAMS 0x0000000712000000, 0x0000000712000000| Untracked 
|  47|0x0000000712200000, 0x0000000712200000, 0x0000000712400000|  0%| F|  |TAMS 0x0000000712200000, 0x0000000712200000| Untracked 
|  48|0x0000000712400000, 0x0000000712400000, 0x0000000712600000|  0%| F|  |TAMS 0x0000000712400000, 0x0000000712400000| Untracked 
|  49|0x0000000712600000, 0x0000000712600000, 0x0000000712800000|  0%| F|  |TAMS 0x0000000712600000, 0x0000000712600000| Untracked 
|  50|0x0000000712800000, 0x0000000712800000, 0x0000000712a00000|  0%| F|  |TAMS 0x0000000712800000, 0x0000000712800000| Untracked 
|  51|0x0000000712a00000, 0x0000000712a00000, 0x0000000712c00000|  0%| F|  |TAMS 0x0000000712a00000, 0x0000000712a00000| Untracked 
|  52|0x0000000712c00000, 0x0000000712c00000, 0x0000000712e00000|  0%| F|  |TAMS 0x0000000712c00000, 0x0000000712c00000| Untracked 
|  53|0x0000000712e00000, 0x0000000712e00000, 0x0000000713000000|  0%| F|  |TAMS 0x0000000712e00000, 0x0000000712e00000| Untracked 
|  54|0x0000000713000000, 0x0000000713000000, 0x0000000713200000|  0%| F|  |TAMS 0x0000000713000000, 0x0000000713000000| Untracked 
|  55|0x0000000713200000, 0x0000000713200000, 0x0000000713400000|  0%| F|  |TAMS 0x0000000713200000, 0x0000000713200000| Untracked 
|  56|0x0000000713400000, 0x0000000713400000, 0x0000000713600000|  0%| F|  |TAMS 0x0000000713400000, 0x0000000713400000| Untracked 
|  57|0x0000000713600000, 0x0000000713600000, 0x0000000713800000|  0%| F|  |TAMS 0x0000000713600000, 0x0000000713600000| Untracked 
|  58|0x0000000713800000, 0x0000000713800000, 0x0000000713a00000|  0%| F|  |TAMS 0x0000000713800000, 0x0000000713800000| Untracked 
|  59|0x0000000713a00000, 0x0000000713a00000, 0x0000000713c00000|  0%| F|  |TAMS 0x0000000713a00000, 0x0000000713a00000| Untracked 
|  60|0x0000000713c00000, 0x0000000713c00000, 0x0000000713e00000|  0%| F|  |TAMS 0x0000000713c00000, 0x0000000713c00000| Untracked 
|  61|0x0000000713e00000, 0x0000000713e00000, 0x0000000714000000|  0%| F|  |TAMS 0x0000000713e00000, 0x0000000713e00000| Untracked 
|  62|0x0000000714000000, 0x0000000714000000, 0x0000000714200000|  0%| F|  |TAMS 0x0000000714000000, 0x0000000714000000| Untracked 
|  63|0x0000000714200000, 0x0000000714200000, 0x0000000714400000|  0%| F|  |TAMS 0x0000000714200000, 0x0000000714200000| Untracked 
|  64|0x0000000714400000, 0x0000000714400000, 0x0000000714600000|  0%| F|  |TAMS 0x0000000714400000, 0x0000000714400000| Untracked 
|  65|0x0000000714600000, 0x0000000714600000, 0x0000000714800000|  0%| F|  |TAMS 0x0000000714600000, 0x0000000714600000| Untracked 
|  66|0x0000000714800000, 0x0000000714800000, 0x0000000714a00000|  0%| F|  |TAMS 0x0000000714800000, 0x0000000714800000| Untracked 
|  67|0x0000000714a00000, 0x0000000714a00000, 0x0000000714c00000|  0%| F|  |TAMS 0x0000000714a00000, 0x0000000714a00000| Untracked 
|  68|0x0000000714c00000, 0x0000000714c00000, 0x0000000714e00000|  0%| F|  |TAMS 0x0000000714c00000, 0x0000000714c00000| Untracked 
|  69|0x0000000714e00000, 0x0000000714e00000, 0x0000000715000000|  0%| F|  |TAMS 0x0000000714e00000, 0x0000000714e00000| Untracked 
|  70|0x0000000715000000, 0x0000000715000000, 0x0000000715200000|  0%| F|  |TAMS 0x0000000715000000, 0x0000000715000000| Untracked 
|  71|0x0000000715200000, 0x0000000715200000, 0x0000000715400000|  0%| F|  |TAMS 0x0000000715200000, 0x0000000715200000| Untracked 
|  72|0x0000000715400000, 0x0000000715400000, 0x0000000715600000|  0%| F|  |TAMS 0x0000000715400000, 0x0000000715400000| Untracked 
|  73|0x0000000715600000, 0x0000000715600000, 0x0000000715800000|  0%| F|  |TAMS 0x0000000715600000, 0x0000000715600000| Untracked 
|  74|0x0000000715800000, 0x0000000715800000, 0x0000000715a00000|  0%| F|  |TAMS 0x0000000715800000, 0x0000000715800000| Untracked 
|  75|0x0000000715a00000, 0x0000000715a00000, 0x0000000715c00000|  0%| F|  |TAMS 0x0000000715a00000, 0x0000000715a00000| Untracked 
|  76|0x0000000715c00000, 0x0000000715c00000, 0x0000000715e00000|  0%| F|  |TAMS 0x0000000715c00000, 0x0000000715c00000| Untracked 
|  77|0x0000000715e00000, 0x0000000715e00000, 0x0000000716000000|  0%| F|  |TAMS 0x0000000715e00000, 0x0000000715e00000| Untracked 
|  78|0x0000000716000000, 0x0000000716000000, 0x0000000716200000|  0%| F|  |TAMS 0x0000000716000000, 0x0000000716000000| Untracked 
|  79|0x0000000716200000, 0x0000000716200000, 0x0000000716400000|  0%| F|  |TAMS 0x0000000716200000, 0x0000000716200000| Untracked 
|  80|0x0000000716400000, 0x0000000716400000, 0x0000000716600000|  0%| F|  |TAMS 0x0000000716400000, 0x0000000716400000| Untracked 
|  81|0x0000000716600000, 0x0000000716600000, 0x0000000716800000|  0%| F|  |TAMS 0x0000000716600000, 0x0000000716600000| Untracked 
|  82|0x0000000716800000, 0x0000000716800000, 0x0000000716a00000|  0%| F|  |TAMS 0x0000000716800000, 0x0000000716800000| Untracked 
|  83|0x0000000716a00000, 0x0000000716a00000, 0x0000000716c00000|  0%| F|  |TAMS 0x0000000716a00000, 0x0000000716a00000| Untracked 
|  84|0x0000000716c00000, 0x0000000716c00000, 0x0000000716e00000|  0%| F|  |TAMS 0x0000000716c00000, 0x0000000716c00000| Untracked 
|  85|0x0000000716e00000, 0x0000000716e00000, 0x0000000717000000|  0%| F|  |TAMS 0x0000000716e00000, 0x0000000716e00000| Untracked 
|  86|0x0000000717000000, 0x0000000717000000, 0x0000000717200000|  0%| F|  |TAMS 0x0000000717000000, 0x0000000717000000| Untracked 
|  87|0x0000000717200000, 0x0000000717200000, 0x0000000717400000|  0%| F|  |TAMS 0x0000000717200000, 0x0000000717200000| Untracked 
|  88|0x0000000717400000, 0x0000000717400000, 0x0000000717600000|  0%| F|  |TAMS 0x0000000717400000, 0x0000000717400000| Untracked 
|  89|0x0000000717600000, 0x0000000717600000, 0x0000000717800000|  0%| F|  |TAMS 0x0000000717600000, 0x0000000717600000| Untracked 
|  90|0x0000000717800000, 0x0000000717800000, 0x0000000717a00000|  0%| F|  |TAMS 0x0000000717800000, 0x0000000717800000| Untracked 
|  91|0x0000000717a00000, 0x0000000717a00000, 0x0000000717c00000|  0%| F|  |TAMS 0x0000000717a00000, 0x0000000717a00000| Untracked 
|  92|0x0000000717c00000, 0x0000000717c00000, 0x0000000717e00000|  0%| F|  |TAMS 0x0000000717c00000, 0x0000000717c00000| Untracked 
|  93|0x0000000717e00000, 0x0000000717e00000, 0x0000000718000000|  0%| F|  |TAMS 0x0000000717e00000, 0x0000000717e00000| Untracked 
|  94|0x0000000718000000, 0x0000000718000000, 0x0000000718200000|  0%| F|  |TAMS 0x0000000718000000, 0x0000000718000000| Untracked 
|  95|0x0000000718200000, 0x0000000718200000, 0x0000000718400000|  0%| F|  |TAMS 0x0000000718200000, 0x0000000718200000| Untracked 
|  96|0x0000000718400000, 0x0000000718400000, 0x0000000718600000|  0%| F|  |TAMS 0x0000000718400000, 0x0000000718400000| Untracked 
|  97|0x0000000718600000, 0x0000000718600000, 0x0000000718800000|  0%| F|  |TAMS 0x0000000718600000, 0x0000000718600000| Untracked 
|  98|0x0000000718800000, 0x0000000718800000, 0x0000000718a00000|  0%| F|  |TAMS 0x0000000718800000, 0x0000000718800000| Untracked 
|  99|0x0000000718a00000, 0x0000000718a00000, 0x0000000718c00000|  0%| F|  |TAMS 0x0000000718a00000, 0x0000000718a00000| Untracked 
| 100|0x0000000718c00000, 0x0000000718c00000, 0x0000000718e00000|  0%| F|  |TAMS 0x0000000718c00000, 0x0000000718c00000| Untracked 
| 101|0x0000000718e00000, 0x0000000718e00000, 0x0000000719000000|  0%| F|  |TAMS 0x0000000718e00000, 0x0000000718e00000| Untracked 
| 102|0x0000000719000000, 0x0000000719000000, 0x0000000719200000|  0%| F|  |TAMS 0x0000000719000000, 0x0000000719000000| Untracked 
| 103|0x0000000719200000, 0x0000000719200000, 0x0000000719400000|  0%| F|  |TAMS 0x0000000719200000, 0x0000000719200000| Untracked 
| 104|0x0000000719400000, 0x0000000719400000, 0x0000000719600000|  0%| F|  |TAMS 0x0000000719400000, 0x0000000719400000| Untracked 
| 105|0x0000000719600000, 0x0000000719600000, 0x0000000719800000|  0%| F|  |TAMS 0x0000000719600000, 0x0000000719600000| Untracked 
| 106|0x0000000719800000, 0x0000000719800000, 0x0000000719a00000|  0%| F|  |TAMS 0x0000000719800000, 0x0000000719800000| Untracked 
| 107|0x0000000719a00000, 0x0000000719a00000, 0x0000000719c00000|  0%| F|  |TAMS 0x0000000719a00000, 0x0000000719a00000| Untracked 
| 108|0x0000000719c00000, 0x0000000719c00000, 0x0000000719e00000|  0%| F|  |TAMS 0x0000000719c00000, 0x0000000719c00000| Untracked 
| 109|0x0000000719e00000, 0x0000000719e00000, 0x000000071a000000|  0%| F|  |TAMS 0x0000000719e00000, 0x0000000719e00000| Untracked 
| 110|0x000000071a000000, 0x000000071a000000, 0x000000071a200000|  0%| F|  |TAMS 0x000000071a000000, 0x000000071a000000| Untracked 
| 111|0x000000071a200000, 0x000000071a200000, 0x000000071a400000|  0%| F|  |TAMS 0x000000071a200000, 0x000000071a200000| Untracked 
| 112|0x000000071a400000, 0x000000071a400000, 0x000000071a600000|  0%| F|  |TAMS 0x000000071a400000, 0x000000071a400000| Untracked 
| 113|0x000000071a600000, 0x000000071a6f36c0, 0x000000071a800000| 47%| E|  |TAMS 0x000000071a600000, 0x000000071a600000| Complete 
| 114|0x000000071a800000, 0x000000071aa00000, 0x000000071aa00000|100%| E|CS|TAMS 0x000000071a800000, 0x000000071a800000| Complete 
| 115|0x000000071aa00000, 0x000000071ac00000, 0x000000071ac00000|100%| E|  |TAMS 0x000000071aa00000, 0x000000071aa00000| Complete 
| 116|0x000000071ac00000, 0x000000071ae00000, 0x000000071ae00000|100%| E|CS|TAMS 0x000000071ac00000, 0x000000071ac00000| Complete 
| 117|0x000000071ae00000, 0x000000071b000000, 0x000000071b000000|100%| E|CS|TAMS 0x000000071ae00000, 0x000000071ae00000| Complete 
| 118|0x000000071b000000, 0x000000071b200000, 0x000000071b200000|100%| E|CS|TAMS 0x000000071b000000, 0x000000071b000000| Complete 
| 119|0x000000071b200000, 0x000000071b400000, 0x000000071b400000|100%| E|CS|TAMS 0x000000071b200000, 0x000000071b200000| Complete 
| 120|0x000000071b400000, 0x000000071b600000, 0x000000071b600000|100%| E|CS|TAMS 0x000000071b400000, 0x000000071b400000| Complete 
| 121|0x000000071b600000, 0x000000071b800000, 0x000000071b800000|100%| E|CS|TAMS 0x000000071b600000, 0x000000071b600000| Complete 

Card table byte_map: [0x000001f9408c0000,0x000001f941060000] _byte_map_base: 0x000001f93d05e000

Marking Bits (Prev, Next): (CMBitMap*) 0x000001f928de9940, (CMBitMap*) 0x000001f928de9980
 Prev Bits: [0x000001f941800000, 0x000001f9454f0000)
 Next Bits: [0x000001f9454f0000, 0x000001f9491e0000)

Polling page: 0x000001f928530000

Metaspace:

Usage:
  Non-class:      5.21 MB used.
      Class:    289.18 KB used.
       Both:      5.49 MB used.

Virtual space:
  Non-class space:       64.00 MB reserved,       5.31 MB (  8%) committed,  1 nodes.
      Class space:        1.00 GB reserved,     384.00 KB ( <1%) committed,  1 nodes.
             Both:        1.06 GB reserved,       5.69 MB ( <1%) committed. 

Chunk freelists:
   Non-Class:  8.30 MB
       Class:  15.56 MB
        Both:  23.86 MB

MaxMetaspaceSize: unlimited
CompressedClassSpaceSize: 1.00 GB
Initial GC threshold: 21.00 MB
Current GC threshold: 21.00 MB
CDS: on
MetaspaceReclaimPolicy: balanced
 - commit_granule_bytes: 65536.
 - commit_granule_words: 8192.
 - virtual_space_node_default_size: 8388608.
 - enlarge_chunks_in_place: 1.
 - new_chunks_are_fully_committed: 0.
 - uncommit_free_chunks: 1.
 - use_allocation_guard: 0.
 - handle_deallocations: 1.


Internal statistics:

num_allocs_failed_limit: 0.
num_arena_births: 46.
num_arena_deaths: 0.
num_vsnodes_births: 2.
num_vsnodes_deaths: 0.
num_space_committed: 89.
num_space_uncommitted: 0.
num_chunks_returned_to_freelist: 0.
num_chunks_taken_from_freelist: 187.
num_chunk_merges: 0.
num_chunk_splits: 144.
num_chunks_enlarged: 122.
num_inconsistent_stats: 0.

CodeHeap 'non-profiled nmethods': size=119168Kb used=229Kb max_used=229Kb free=118938Kb
 bounds [0x000001f938430000, 0x000001f9386a0000, 0x000001f93f890000]
CodeHeap 'profiled nmethods': size=119104Kb used=1442Kb max_used=1442Kb free=117661Kb
 bounds [0x000001f930890000, 0x000001f930b00000, 0x000001f937ce0000]
CodeHeap 'non-nmethods': size=7488Kb used=3240Kb max_used=3257Kb free=4247Kb
 bounds [0x000001f937ce0000, 0x000001f938010000, 0x000001f938430000]
 total_blobs=1761 nmethods=796 adapters=875
 compilation: enabled
              stopped_count=0, restarted_count=0
 full_count=0

Compilation events (20 events):
Event: 0.651 Thread 0x000001f99c9507d0 nmethod 785 0x000001f9309f1590 code [0x000001f9309f17e0, 0x000001f9309f20f8]
Event: 0.654 Thread 0x000001f94c296b50  788       4       java.lang.AbstractStringBuilder::<init> (39 bytes)
Event: 0.657 Thread 0x000001f94c296b50 nmethod 788 0x000001f938468d90 code [0x000001f938468f20, 0x000001f938469178]
Event: 0.657 Thread 0x000001f99ca2ad90 nmethod 780 0x000001f938467590 code [0x000001f938467780, 0x000001f9384687d8]
Event: 0.657 Thread 0x000001f94c3acd40  789       3       sun.net.www.protocol.jar.Handler::parseURL (173 bytes)
Event: 0.657 Thread 0x000001f94c297600  790       3       sun.net.www.protocol.jar.Handler::indexOfBangSlash (52 bytes)
Event: 0.657 Thread 0x000001f99c950cf0  791       3       java.net.URLStreamHandler::setURL (159 bytes)
Event: 0.658 Thread 0x000001f99c9507d0  792       3       jdk.internal.loader.URLClassPath$JarLoader$2::<init> (31 bytes)
Event: 0.658 Thread 0x000001f99c9507d0 nmethod 792 0x000001f9309f2590 code [0x000001f9309f2740, 0x000001f9309f2ad8]
Event: 0.658 Thread 0x000001f99c9507d0  793       3       java.lang.ClassLoader::compareCerts (197 bytes)
Event: 0.658 Thread 0x000001f94c3acd40 nmethod 789 0x000001f9309f2c10 code [0x000001f9309f2ec0, 0x000001f9309f3a78]
Event: 0.659 Thread 0x000001f94c297600 nmethod 790 0x000001f9309f3f90 code [0x000001f9309f4200, 0x000001f9309f4cf8]
Event: 0.659 Thread 0x000001f99c950cf0 nmethod 791 0x000001f9309f5090 code [0x000001f9309f5420, 0x000001f9309f69a8]
Event: 0.659 Thread 0x000001f99c9507d0 nmethod 793 0x000001f9309f7290 code [0x000001f9309f74a0, 0x000001f9309f7d78]
Event: 0.753 Thread 0x000001f99ca2ad90  794       4       sun.misc.Unsafe::putByte (9 bytes)
Event: 0.753 Thread 0x000001f99ca2ad90 nmethod 794 0x000001f938469210 code [0x000001f938469380, 0x000001f9384693f8]
Event: 0.801 Thread 0x000001f99c950cf0  796       3       org.engine.maths.Matrix4f::set (12 bytes)
Event: 0.801 Thread 0x000001f94c3acd40  795       3       org.engine.maths.Matrix4f::get (11 bytes)
Event: 0.801 Thread 0x000001f94c3acd40 nmethod 795 0x000001f9309f8090 code [0x000001f9309f8220, 0x000001f9309f8358]
Event: 0.801 Thread 0x000001f99c950cf0 nmethod 796 0x000001f9309f8490 code [0x000001f9309f8620, 0x000001f9309f8758]

GC Heap History (0 events):
No events

Dll operation events (9 events):
Event: 0.006 Loaded shared library C:\Users\samj2\.jdks\corretto-17.0.10\bin\java.dll
Event: 0.020 Loaded shared library C:\Users\samj2\.jdks\corretto-17.0.10\bin\jsvml.dll
Event: 0.071 Loaded shared library C:\Users\samj2\.jdks\corretto-17.0.10\bin\net.dll
Event: 0.072 Loaded shared library C:\Users\samj2\.jdks\corretto-17.0.10\bin\nio.dll
Event: 0.075 Loaded shared library C:\Users\samj2\.jdks\corretto-17.0.10\bin\zip.dll
Event: 0.104 Loaded shared library C:\Users\samj2\.jdks\corretto-17.0.10\bin\jimage.dll
Event: 0.166 Loaded shared library C:\Users\samj2\AppData\Local\Temp\lwjglsamj2\3.2.3-build-13\lwjgl.dll
Event: 0.443 Loaded shared library C:\Users\samj2\AppData\Local\Temp\lwjglsamj2\3.2.3-build-13\lwjgl_opengl.dll
Event: 0.644 Loaded shared library C:\Users\samj2\.jdks\corretto-17.0.10\bin\awt.dll

Deoptimization events (18 events):
Event: 0.112 Thread 0x000001f94c407250 DEOPT PACKING pc=0x000001f9308aade7 sp=0x00000042917fab50
Event: 0.112 Thread 0x000001f94c407250 DEOPT UNPACKING pc=0x000001f937d37143 sp=0x00000042917f9f70 mode 0
Event: 0.124 Thread 0x000001f94c407250 DEOPT PACKING pc=0x000001f9308983d1 sp=0x00000042917fa310
Event: 0.124 Thread 0x000001f94c407250 DEOPT UNPACKING pc=0x000001f937d37143 sp=0x00000042917f9788 mode 0
Event: 0.151 Thread 0x000001f94c407250 DEOPT PACKING pc=0x000001f9308b7be5 sp=0x00000042917fcb00
Event: 0.151 Thread 0x000001f94c407250 DEOPT UNPACKING pc=0x000001f937d37143 sp=0x00000042917fbf50 mode 0
Event: 0.152 Thread 0x000001f94c407250 Uncommon trap: trap_request=0xffffff45 fr.pc=0x000001f93843aee4 relative=0x0000000000000064
Event: 0.152 Thread 0x000001f94c407250 Uncommon trap: reason=unstable_if action=reinterpret pc=0x000001f93843aee4 method=java.io.WinNTFileSystem.isSlash(C)Z @ 9 c2
Event: 0.152 Thread 0x000001f94c407250 DEOPT PACKING pc=0x000001f93843aee4 sp=0x00000042917fcbc0
Event: 0.152 Thread 0x000001f94c407250 DEOPT UNPACKING pc=0x000001f937d369a3 sp=0x00000042917fcb48 mode 2
Event: 0.174 Thread 0x000001f94c407250 Uncommon trap: trap_request=0xffffff6e fr.pc=0x000001f93844a318 relative=0x00000000000003f8
Event: 0.174 Thread 0x000001f94c407250 Uncommon trap: reason=loop_limit_check action=maybe_recompile pc=0x000001f93844a318 method=java.lang.StringLatin1.indexOf([BI[BII)I @ 37 c2
Event: 0.174 Thread 0x000001f94c407250 DEOPT PACKING pc=0x000001f93844a318 sp=0x00000042917fe560
Event: 0.174 Thread 0x000001f94c407250 DEOPT UNPACKING pc=0x000001f937d369a3 sp=0x00000042917fe4c0 mode 2
Event: 0.560 Thread 0x000001f94c407250 DEOPT PACKING pc=0x000001f9308be3be sp=0x00000042917fe040
Event: 0.560 Thread 0x000001f94c407250 DEOPT UNPACKING pc=0x000001f937d37143 sp=0x00000042917fd4b8 mode 0
Event: 0.569 Thread 0x000001f94c407250 DEOPT PACKING pc=0x000001f9308bf4fe sp=0x00000042917fe080
Event: 0.569 Thread 0x000001f94c407250 DEOPT UNPACKING pc=0x000001f937d37143 sp=0x00000042917fd4f0 mode 0

Classes unloaded (0 events):
No events

Classes redefined (0 events):
No events

Internal exceptions (14 events):
Event: 0.132 Thread 0x000001f94c407250 Exception <a 'java/lang/NoSuchMethodError'{0x000000071b364858}: 'void java.lang.invoke.DirectMethodHandle$Holder.invokeStatic(java.lang.Object, java.lang.Object)'> (0x000000071b364858) 
thrown [s\src\hotspot\share\interpreter\linkResolver.cpp, line 759]
Event: 0.133 Thread 0x000001f94c407250 Exception <a 'java/lang/NoSuchMethodError'{0x000000071b36a170}: 'void java.lang.invoke.DirectMethodHandle$Holder.invokeSpecial(java.lang.Object, java.lang.Object, java.lang.Object)'> (0x000000071b36a170) 
thrown [s\src\hotspot\share\interpreter\linkResolver.cpp, line 759]
Event: 0.135 Thread 0x000001f94c407250 Exception <a 'java/lang/NoSuchMethodError'{0x000000071b37d4f8}: 'java.lang.Object java.lang.invoke.DirectMethodHandle$Holder.invokeStatic(java.lang.Object, java.lang.Object, int)'> (0x000000071b37d4f8) 
thrown [s\src\hotspot\share\interpreter\linkResolver.cpp, line 759]
Event: 0.136 Thread 0x000001f94c407250 Exception <a 'java/lang/NoSuchMethodError'{0x000000071b389268}: 'void java.lang.invoke.DelegatingMethodHandle$Holder.delegate(java.lang.Object, java.lang.Object, int, java.lang.Object)'> (0x000000071b389268) 
thrown [s\src\hotspot\share\interpreter\linkResolver.cpp, line 759]
Event: 0.136 Thread 0x000001f94c407250 Exception <a 'java/lang/NoSuchMethodError'{0x000000071b38d4a8}: 'int java.lang.invoke.DirectMethodHandle$Holder.invokeSpecial(java.lang.Object, java.lang.Object, java.lang.Object)'> (0x000000071b38d4a8) 
thrown [s\src\hotspot\share\interpreter\linkResolver.cpp, line 759]
Event: 0.171 Thread 0x000001f94c407250 Exception <a 'sun/nio/fs/WindowsException'{0x000000071b03d6d8}> (0x000000071b03d6d8) 
thrown [s\src\hotspot\share\prims\jni.cpp, line 516]
Event: 0.171 Thread 0x000001f94c407250 Exception <a 'sun/nio/fs/WindowsException'{0x000000071b03dc30}> (0x000000071b03dc30) 
thrown [s\src\hotspot\share\prims\jni.cpp, line 516]
Event: 0.178 Thread 0x000001f94c407250 Exception <a 'sun/nio/fs/WindowsException'{0x000000071b053f60}> (0x000000071b053f60) 
thrown [s\src\hotspot\share\prims\jni.cpp, line 516]
Event: 0.178 Thread 0x000001f94c407250 Exception <a 'sun/nio/fs/WindowsException'{0x000000071b0542d0}> (0x000000071b0542d0) 
thrown [s\src\hotspot\share\prims\jni.cpp, line 516]
Event: 0.184 Thread 0x000001f94c407250 Exception <a 'java/lang/NoSuchMethodError'{0x000000071b092cf0}: 'java.lang.Object java.lang.invoke.DirectMethodHandle$Holder.invokeStaticInit(java.lang.Object)'> (0x000000071b092cf0) 
thrown [s\src\hotspot\share\interpreter\linkResolver.cpp, line 759]
Event: 0.441 Thread 0x000001f94c407250 Exception <a 'sun/nio/fs/WindowsException'{0x000000071b1daff8}> (0x000000071b1daff8) 
thrown [s\src\hotspot\share\prims\jni.cpp, line 516]
Event: 0.441 Thread 0x000001f94c407250 Exception <a 'sun/nio/fs/WindowsException'{0x000000071b1db3a8}> (0x000000071b1db3a8) 
thrown [s\src\hotspot\share\prims\jni.cpp, line 516]
Event: 0.444 Thread 0x000001f94c407250 Exception <a 'sun/nio/fs/WindowsException'{0x000000071b1e5b00}> (0x000000071b1e5b00) 
thrown [s\src\hotspot\share\prims\jni.cpp, line 516]
Event: 0.444 Thread 0x000001f94c407250 Exception <a 'sun/nio/fs/WindowsException'{0x000000071b1e5de8}> (0x000000071b1e5de8) 
thrown [s\src\hotspot\share\prims\jni.cpp, line 516]

VM Operations (6 events):
Event: 0.076 Executing VM operation: HandshakeAllThreads
Event: 0.076 Executing VM operation: HandshakeAllThreads done
Event: 0.152 Executing VM operation: HandshakeAllThreads
Event: 0.152 Executing VM operation: HandshakeAllThreads done
Event: 0.449 Executing VM operation: HandshakeAllThreads
Event: 0.450 Executing VM operation: HandshakeAllThreads done

Events (20 events):
Event: 0.644 loading class sun/java2d/cmm/ProfileDeferralInfo
Event: 0.644 loading class sun/java2d/cmm/ProfileDeferralInfo done
Event: 0.644 loading class java/awt/color/ICC_ProfileGray
Event: 0.644 loading class java/awt/color/ICC_ProfileGray done
Event: 0.644 loading class java/awt/image/DataBuffer
Event: 0.644 loading class java/awt/image/DataBuffer done
Event: 0.645 loading class java/awt/image/DataBuffer$1
Event: 0.645 loading class sun/awt/image/SunWritableRaster$DataStealer
Event: 0.645 loading class sun/awt/image/SunWritableRaster$DataStealer done
Event: 0.645 loading class java/awt/image/DataBuffer$1 done
Event: 0.645 loading class sun/awt/image/SunWritableRaster
Event: 0.645 loading class java/awt/image/WritableRaster
Event: 0.645 loading class java/awt/image/Raster
Event: 0.645 loading class java/awt/image/Raster done
Event: 0.645 loading class java/awt/image/WritableRaster done
Event: 0.645 loading class sun/awt/image/SunWritableRaster done
Event: 0.647 loading class java/io/EOFException
Event: 0.647 loading class java/io/EOFException done
Event: 0.647 loading class java/util/zip/DataFormatException
Event: 0.647 loading class java/util/zip/DataFormatException done


Dynamic libraries:
0x00007ff70d7b0000 - 0x00007ff70d7be000 	C:\Users\samj2\.jdks\corretto-17.0.10\bin\java.exe
0x00007ffd685f0000 - 0x00007ffd68806000 	C:\WINDOWS\SYSTEM32\ntdll.dll
0x00007ffd67590000 - 0x00007ffd67654000 	C:\WINDOWS\System32\KERNEL32.DLL
0x00007ffd65c90000 - 0x00007ffd66037000 	C:\WINDOWS\System32\KERNELBASE.dll
0x00007ffd66140000 - 0x00007ffd66251000 	C:\WINDOWS\System32\ucrtbase.dll
0x00007ffd21c90000 - 0x00007ffd21cab000 	C:\Users\samj2\.jdks\corretto-17.0.10\bin\VCRUNTIME140.dll
0x00007ffd2dda0000 - 0x00007ffd2ddb7000 	C:\Users\samj2\.jdks\corretto-17.0.10\bin\jli.dll
0x00007ffd66320000 - 0x00007ffd664ce000 	C:\WINDOWS\System32\USER32.dll
0x00007ffd66110000 - 0x00007ffd66136000 	C:\WINDOWS\System32\win32u.dll
0x00007ffd51f90000 - 0x00007ffd52223000 	C:\WINDOWS\WinSxS\amd64_microsoft.windows.common-controls_6595b64144ccf1df_6.0.22621.3235_none_270f74e173860f98\COMCTL32.dll
0x00007ffd66c90000 - 0x00007ffd66cb9000 	C:\WINDOWS\System32\GDI32.dll
0x00007ffd664d0000 - 0x00007ffd66577000 	C:\WINDOWS\System32\msvcrt.dll
0x00007ffd65b00000 - 0x00007ffd65c19000 	C:\WINDOWS\System32\gdi32full.dll
0x00007ffd66040000 - 0x00007ffd660da000 	C:\WINDOWS\System32\msvcp_win.dll
0x00007ffd68510000 - 0x00007ffd68541000 	C:\WINDOWS\System32\IMM32.DLL
0x00007ffd54080000 - 0x00007ffd5408c000 	C:\Users\samj2\.jdks\corretto-17.0.10\bin\vcruntime140_1.dll
0x00007ffd21c00000 - 0x00007ffd21c8d000 	C:\Users\samj2\.jdks\corretto-17.0.10\bin\msvcp140.dll
0x00007ffcfbf70000 - 0x00007ffcfcbd2000 	C:\Users\samj2\.jdks\corretto-17.0.10\bin\server\jvm.dll
0x00007ffd67670000 - 0x00007ffd67722000 	C:\WINDOWS\System32\ADVAPI32.dll
0x00007ffd683e0000 - 0x00007ffd68488000 	C:\WINDOWS\System32\sechost.dll
0x00007ffd660e0000 - 0x00007ffd66108000 	C:\WINDOWS\System32\bcrypt.dll
0x00007ffd67840000 - 0x00007ffd67955000 	C:\WINDOWS\System32\RPCRT4.dll
0x00007ffd657e0000 - 0x00007ffd6582d000 	C:\WINDOWS\SYSTEM32\POWRPROF.dll
0x00007ffd5ead0000 - 0x00007ffd5eb04000 	C:\WINDOWS\SYSTEM32\WINMM.dll
0x00007ffd4e850000 - 0x00007ffd4e859000 	C:\WINDOWS\SYSTEM32\WSOCK32.dll
0x00007ffd66b90000 - 0x00007ffd66c01000 	C:\WINDOWS\System32\WS2_32.dll
0x00007ffd5e060000 - 0x00007ffd5e06a000 	C:\WINDOWS\SYSTEM32\VERSION.dll
0x00007ffd657c0000 - 0x00007ffd657d3000 	C:\WINDOWS\SYSTEM32\UMPDC.dll
0x00007ffd64920000 - 0x00007ffd64938000 	C:\WINDOWS\SYSTEM32\kernel.appcore.dll
0x00007ffd4abb0000 - 0x00007ffd4abba000 	C:\Users\samj2\.jdks\corretto-17.0.10\bin\jimage.dll
0x00007ffd62e50000 - 0x00007ffd63083000 	C:\WINDOWS\SYSTEM32\DBGHELP.DLL
0x00007ffd68050000 - 0x00007ffd683d8000 	C:\WINDOWS\System32\combase.dll
0x00007ffd67c40000 - 0x00007ffd67d17000 	C:\WINDOWS\System32\OLEAUT32.dll
0x00007ffd4b1f0000 - 0x00007ffd4b222000 	C:\WINDOWS\SYSTEM32\dbgcore.DLL
0x00007ffd65910000 - 0x00007ffd65989000 	C:\WINDOWS\System32\bcryptPrimitives.dll
0x00007ffd21580000 - 0x00007ffd215a5000 	C:\Users\samj2\.jdks\corretto-17.0.10\bin\java.dll
0x00007ffd1b590000 - 0x00007ffd1b667000 	C:\Users\samj2\.jdks\corretto-17.0.10\bin\jsvml.dll
0x00007ffd66cc0000 - 0x00007ffd6751c000 	C:\WINDOWS\System32\SHELL32.dll
0x00007ffd63820000 - 0x00007ffd64119000 	C:\WINDOWS\SYSTEM32\windows.storage.dll
0x00007ffd636e0000 - 0x00007ffd6381e000 	C:\WINDOWS\SYSTEM32\wintypes.dll
0x00007ffd67b40000 - 0x00007ffd67c33000 	C:\WINDOWS\System32\SHCORE.dll
0x00007ffd68490000 - 0x00007ffd684ee000 	C:\WINDOWS\System32\shlwapi.dll
0x00007ffd65840000 - 0x00007ffd65861000 	C:\WINDOWS\SYSTEM32\profapi.dll
0x00007ffd21540000 - 0x00007ffd21559000 	C:\Users\samj2\.jdks\corretto-17.0.10\bin\net.dll
0x00007ffd61ae0000 - 0x00007ffd61c16000 	C:\WINDOWS\SYSTEM32\WINHTTP.dll
0x00007ffd64d90000 - 0x00007ffd64df9000 	C:\WINDOWS\system32\mswsock.dll
0x00007ffd20b80000 - 0x00007ffd20b96000 	C:\Users\samj2\.jdks\corretto-17.0.10\bin\nio.dll
0x00007ffd21560000 - 0x00007ffd21578000 	C:\Users\samj2\.jdks\corretto-17.0.10\bin\zip.dll
0x00007ffd514a0000 - 0x00007ffd51504000 	C:\Users\samj2\AppData\Local\Temp\lwjglsamj2\3.2.3-build-13\lwjgl.dll
0x00007ffd21d90000 - 0x00007ffd21df2000 	C:\Users\samj2\AppData\Local\Temp\lwjglsamj2\3.2.3-build-13\glfw.dll
0x00007ffd62ab0000 - 0x00007ffd62b5b000 	C:\WINDOWS\system32\uxtheme.dll
0x00007ffd557c0000 - 0x00007ffd55806000 	C:\WINDOWS\SYSTEM32\dinput8.dll
0x00007ffd62890000 - 0x00007ffd628a1000 	C:\WINDOWS\SYSTEM32\xinput1_4.dll
0x00007ffd65580000 - 0x00007ffd655ce000 	C:\WINDOWS\SYSTEM32\cfgmgr32.dll
0x00007ffd65550000 - 0x00007ffd6557c000 	C:\WINDOWS\SYSTEM32\DEVOBJ.dll
0x00007ffd62d60000 - 0x00007ffd62d8b000 	C:\WINDOWS\SYSTEM32\dwmapi.dll
0x00007ffd544f0000 - 0x00007ffd546fa000 	C:\WINDOWS\SYSTEM32\inputhost.dll
0x00007ffd617f0000 - 0x00007ffd61924000 	C:\WINDOWS\SYSTEM32\CoreMessaging.dll
0x00007ffd67ee0000 - 0x00007ffd68033000 	C:\WINDOWS\System32\MSCTF.dll
0x00007ffd65000000 - 0x00007ffd6500c000 	C:\WINDOWS\SYSTEM32\CRYPTBASE.DLL
0x00007ffd64120000 - 0x00007ffd6412e000 	C:\WINDOWS\SYSTEM32\HID.DLL
0x00007ffd66580000 - 0x00007ffd669f4000 	C:\WINDOWS\System32\SETUPAPI.DLL
0x00007ffd65c20000 - 0x00007ffd65c8b000 	C:\WINDOWS\System32\WINTRUST.dll
0x00007ffd65990000 - 0x00007ffd65af7000 	C:\WINDOWS\System32\CRYPT32.dll
0x00007ffd65060000 - 0x00007ffd65072000 	C:\WINDOWS\SYSTEM32\MSASN1.dll
0x00007ffd55380000 - 0x00007ffd55480000 	C:\WINDOWS\SYSTEM32\opengl32.dll
0x00007ffd556f0000 - 0x00007ffd5571d000 	C:\WINDOWS\SYSTEM32\GLU32.dll
0x00007ffd62bf0000 - 0x00007ffd62c29000 	C:\WINDOWS\SYSTEM32\dxcore.dll
0x00007ffd5ea60000 - 0x00007ffd5eaaa000 	C:\WINDOWS\SYSTEM32\directxdatabasehelper.dll
0x00007ffd66a50000 - 0x00007ffd66b00000 	C:\WINDOWS\System32\clbcatq.dll
0x00007ffd5e150000 - 0x00007ffd5e17d000 	C:\WINDOWS\System32\DriverStore\FileRepository\u0383113.inf_amd64_9242eb4af0e982f6\B383140\atig6pxx.dll
0x00007ffcedca0000 - 0x00007ffcf1646000 	C:\WINDOWS\System32\DriverStore\FileRepository\u0383113.inf_amd64_9242eb4af0e982f6\B383140\atio6axx.dll
0x00007ffd572a0000 - 0x00007ffd573ea000 	C:\WINDOWS\SYSTEM32\textinputframework.dll
0x00007ffd5e2a0000 - 0x00007ffd5e60c000 	C:\WINDOWS\SYSTEM32\CoreUIComponents.dll
0x00007ffd1d700000 - 0x00007ffd1d759000 	C:\Users\samj2\AppData\Local\Temp\lwjglsamj2\3.2.3-build-13\lwjgl_opengl.dll
0x00007ffd18e20000 - 0x00007ffd18fb0000 	C:\Users\samj2\.jdks\corretto-17.0.10\bin\awt.dll
0x00007ffd61f30000 - 0x00007ffd61fc7000 	C:\WINDOWS\SYSTEM32\apphelp.dll

dbghelp: loaded successfully - version: 4.0.5 - missing functions: none
symbol engine: initialized successfully - sym options: 0x614 - pdb path: .;C:\Users\samj2\.jdks\corretto-17.0.10\bin;C:\WINDOWS\SYSTEM32;C:\WINDOWS\WinSxS\amd64_microsoft.windows.common-controls_6595b64144ccf1df_6.0.22621.3235_none_270f74e173860f98;C:\Users\samj2\.jdks\corretto-17.0.10\bin\server;C:\Users\samj2\AppData\Local\Temp\lwjglsamj2\3.2.3-build-13;C:\WINDOWS\System32\DriverStore\FileRepository\u0383113.inf_amd64_9242eb4af0e982f6\B383140

VM Arguments:
jvm_args: -Dfile.encoding=windows-1252 -Duser.country=US -Duser.language=en -Duser.variant 
java_command: org.main.Main
java_class_path (initial): C:\Users\samj2\Documents\School\CS 2 - Java\Minecraft\MinecraftCatalyst\build\classes\java\main;C:\Users\samj2\Documents\School\CS 2 - Java\Minecraft\MinecraftCatalyst\build\resources\main;C:\Users\samj2\Documents\School\CS 2 - Java\Minecraft\MinecraftCatalyst\libs\slick-util3.jar;C:\Users\samj2\.gradle\caches\modules-2\files-2.1\org.lwjgl\lwjgl-assimp\3.2.3\f62aa07a20afbdd3097efc296c4841e0d29700eb\lwjgl-assimp-3.2.3.jar;C:\Users\samj2\.gradle\caches\modules-2\files-2.1\org.lwjgl\lwjgl-assimp\3.2.3\4e60aeb75f0343c4a9ede4ef8b6b32ca702a00a3\lwjgl-assimp-3.2.3-natives-windows.jar;C:\Users\samj2\.gradle\caches\modules-2\files-2.1\org.lwjgl\lwjgl-bgfx\3.2.3\433883c4040fa8df47244dffa1d42c96ce2143de\lwjgl-bgfx-3.2.3.jar;C:\Users\samj2\.gradle\caches\modules-2\files-2.1\org.lwjgl\lwjgl-bgfx\3.2.3\f589da97dd3cfa96f42c8c812a0a028cf28223b8\lwjgl-bgfx-3.2.3-natives-windows.jar;C:\Users\samj2\.gradle\caches\modules-2\files-2.1\org.lwjgl\lwjgl-glfw\3.2.3\5e520d5c290c8b012545a8d34fa5db5ab051ea53\lwjgl-glfw-3.2.3.jar;C:\Users\samj2\.gradle\caches\modules-2\files-2.1\org.lwjgl\lwjgl-glfw\3.2.3\b4d8a3477cdc2edcf7a5f1e822926be846223f54\lwjgl-glfw-3.2.3-natives-windows.jar;C:\Users\samj2\.gradle\caches\modules-2\files-2.1\org.lwjgl\lwjgl-nanovg\3.2.3\718be4a13691d1cd276fa852326e9e837d65204e\lwjgl-nanovg-3.2.3.jar;C:\Users\samj2\.gradle\caches\modules-2\files-2.1\org.lwjgl\lwjgl-nanovg\3.2.3\2fbe5c2849bcf182ba3c6c09828f032a64cd47ec\lwjgl-nanovg-3.2.3-natives-windows.jar;C:\Users\samj2\.gradle\caches\modules-2\files-2.1\org.lwjgl\lwjgl-nuklear\3.2.3\45bfab23e975201bf3cb81287be6034adec64a86\lwjgl-nuklear-3.2.3.jar;C:\Users\samj2\.gradle\caches\modules-2\files-2.1\org.lwjgl\lwjgl-nuklear\3.2.3\ccb63f09670e43e58969b567ef42e02275be555a\lwjgl-nuklear-3.2.3-natives-windows.jar;C:\Users\samj2\.gradle\caches\modules-2\files-2.1\org.lwjgl\lwjgl-openal\3.2.3\106742e805803ab9eab8e343f0fb31a3d263903c\lwjgl-openal-3.2.3.jar;C:\Users\samj2\.gradle\caches\modules-2\files-2.
Launcher Type: SUN_STANDARD

[Global flags]
     intx CICompilerCount                          = 12                                        {product} {ergonomic}
     uint ConcGCThreads                            = 3                                         {product} {ergonomic}
     uint G1ConcRefinementThreads                  = 13                                        {product} {ergonomic}
   size_t G1HeapRegionSize                         = 2097152                                   {product} {ergonomic}
    uintx GCDrainStackTargetSize                   = 64                                        {product} {ergonomic}
   size_t InitialHeapSize                          = 255852544                                 {product} {ergonomic}
   size_t MarkStackSize                            = 4194304                                   {product} {ergonomic}
   size_t MaxHeapSize                              = 4089446400                                {product} {ergonomic}
   size_t MaxNewSize                               = 2453667840                                {product} {ergonomic}
   size_t MinHeapDeltaBytes                        = 2097152                                   {product} {ergonomic}
   size_t MinHeapSize                              = 8388608                                   {product} {ergonomic}
    uintx NonNMethodCodeHeapSize                   = 7602480                                {pd product} {ergonomic}
    uintx NonProfiledCodeHeapSize                  = 122027880                              {pd product} {ergonomic}
    uintx ProfiledCodeHeapSize                     = 122027880                              {pd product} {ergonomic}
    uintx ReservedCodeCacheSize                    = 251658240                              {pd product} {ergonomic}
     bool SegmentedCodeCache                       = true                                      {product} {ergonomic}
   size_t SoftMaxHeapSize                          = 4089446400                             {manageable} {ergonomic}
     bool UseCompressedClassPointers               = true                           {product lp64_product} {ergonomic}
     bool UseCompressedOops                        = true                           {product lp64_product} {ergonomic}
     bool UseG1GC                                  = true                                      {product} {ergonomic}
     bool UseLargePagesIndividualAllocation        = false                                  {pd product} {ergonomic}

Logging:
Log output configuration:
 #0: stdout all=warning uptime,level,tags
 #1: stderr all=off uptime,level,tags

Environment Variables:
PATH=C:\Program Files\Oculus\Support\oculus-runtime;C:\Program Files\National Instruments\Shared\OpenVINO\;C:\Program Files\PlasticSCM5\server;C:\Program Files\PlasticSCM5\client;C:\Program Files (x86)\Common Files\Intel\Shared Libraries\redist\intel64\compiler;C:\WINDOWS\system32;C:\WINDOWS;C:\WINDOWS\System32\Wbem;C:\WINDOWS\System32\WindowsPowerShell\v1.0\;C:\WINDOWS\System32\OpenSSH\;C:\Program Files\dotnet\;C:\Program Files\Git\cmd;C:\Program Files\nodejs\;C:\ProgramData\chocolatey\bin;C:\Users\samj2\AppData\Local\Microsoft\WindowsApps;C:\Users\samj2\AppData\Local\Programs\Microsoft VS Code\bin;C:\Users\samj2\.dotnet\tools;C:\Users\samj2\AppData\Local\GitHubDesktop\bin;C:\Users\samj2\AppData\Local\gitkraken\bin;C:\Users\samj2\.dotnet\tools;C:\Users\samj2\AppData\Roaming\npm
USERNAME=samj2
OS=Windows_NT
PROCESSOR_IDENTIFIER=AMD64 Family 25 Model 68 Stepping 1, AuthenticAMD
TMP=C:\Users\samj2\AppData\Local\Temp
TEMP=C:\Users\samj2\AppData\Local\Temp



Periodic native trim disabled


---------------  S Y S T E M  ---------------

OS:
 Windows 11 , 64 bit Build 22621 (10.0.22621.3374)
OS uptime: 1 days 8:07 hours
Hyper-V role detected

CPU: total 16 (initial active 16) (16 cores per cpu, 2 threads per core) family 25 model 68 stepping 1 microcode 0x0, cx8, cmov, fxsr, ht, mmx, 3dnowpref, sse, sse2, sse3, ssse3, sse4a, sse4.1, sse4.2, popcnt, lzcnt, tsc, tscinvbit, avx, avx2, aes, erms, clmul, bmi1, bmi2, adx, sha, fma, vzeroupper, clflush, clflushopt, hv
Processor Information for processor 0
  Max Mhz: 3301, Current Mhz: 2022, Mhz Limit: 3301
Processor Information for processor 1
  Max Mhz: 3301, Current Mhz: 2022, Mhz Limit: 3301
Processor Information for processor 2
  Max Mhz: 3301, Current Mhz: 2022, Mhz Limit: 3301
Processor Information for processor 3
  Max Mhz: 3301, Current Mhz: 2022, Mhz Limit: 3301
Processor Information for processor 4
  Max Mhz: 3301, Current Mhz: 2022, Mhz Limit: 3301
Processor Information for processor 5
  Max Mhz: 3301, Current Mhz: 2022, Mhz Limit: 3301
Processor Information for processor 6
  Max Mhz: 3301, Current Mhz: 2022, Mhz Limit: 3301
Processor Information for processor 7
  Max Mhz: 3301, Current Mhz: 2022, Mhz Limit: 3301
Processor Information for processor 8
  Max Mhz: 3301, Current Mhz: 2022, Mhz Limit: 3301
Processor Information for processor 9
  Max Mhz: 3301, Current Mhz: 2022, Mhz Limit: 3301
Processor Information for processor 10
  Max Mhz: 3301, Current Mhz: 2022, Mhz Limit: 3301
Processor Information for processor 11
  Max Mhz: 3301, Current Mhz: 3301, Mhz Limit: 3301
Processor Information for processor 12
  Max Mhz: 3301, Current Mhz: 2022, Mhz Limit: 3301
Processor Information for processor 13
  Max Mhz: 3301, Current Mhz: 2022, Mhz Limit: 3301
Processor Information for processor 14
  Max Mhz: 3301, Current Mhz: 2022, Mhz Limit: 3301
Processor Information for processor 15
  Max Mhz: 3301, Current Mhz: 2022, Mhz Limit: 3301

Memory: 4k page, system-wide physical 15596M (7092M free)
TotalPageFile size 49673M (AvailPageFile size 9405M)
current process WorkingSet (physical memory assigned to process): 170M, peak: 175M
current process commit charge ("private bytes"): 482M, peak: 488M

vm_info: OpenJDK 64-Bit Server VM (17.0.10+7-LTS) for windows-amd64 JRE (17.0.10+7-LTS), built on Jan 10 2024 22:11:07 by "Administrator" with MS VC++ 16.10 / 16.11 (VS2019)

END.
