#
# A fatal error has been detected by the Java Runtime Environment:
#
#  EXCEPTION_ACCESS_VIOLATION (0xc0000005) at pc=0x00007ffcedd760e5, pid=1896, tid=16388
#
# JRE version: OpenJDK Runtime Environment Corretto-17.0.10.7.1 (17.0.10+7) (build 17.0.10+7-LTS)
# Java VM: OpenJDK 64-Bit Server VM Corretto-17.0.10.7.1 (17.0.10+7-LTS, mixed mode, sharing, tiered, compressed oops, compressed class ptrs, g1 gc, windows-amd64)
# Problematic frame:
# C  [atio6axx.dll+0xd60e5]
#
# No core dump will be written. Minidumps are not enabled by default on client versions of Windows
#
# If you would like to submit a bug report, please visit:
#   https://github.com/corretto/corretto-17/issues/
# The crash happened outside the Java Virtual Machine in native code.
# See problematic frame for where to report the bug.
#

---------------  S U M M A R Y ------------

Command Line: -Dfile.encoding=windows-1252 -Duser.country=US -Duser.language=en -Duser.variant org.main.Main

Host: AMD Ryzen 9 6900HS with Radeon Graphics        , 16 cores, 15G,  Windows 11 , 64 bit Build 22621 (10.0.22621.3374)
Time: Mon Apr 15 00:49:47 2024 Eastern Daylight Time elapsed time: 0.779045 seconds (0d 0h 0m 0s)

---------------  T H R E A D  ---------------

Current thread (0x000001d87c3e0260):  JavaThread "game" [_thread_in_native, id=16388, stack(0x0000009563f00000,0x0000009564000000)]

Stack: [0x0000009563f00000,0x0000009564000000],  sp=0x0000009563ffee28,  free space=1019k
Native frames: (J=compiled Java code, j=interpreted, Vv=VM code, C=native code)
C  [atio6axx.dll+0xd60e5]

Java frames: (J=compiled Java code, j=interpreted, Vv=VM code)
j  org.lwjgl.opengl.GL11C.nglDrawElements(IIIJ)V+0
j  org.lwjgl.opengl.GL11C.glDrawElements(IIIJ)V+4
j  org.lwjgl.opengl.GL11.glDrawElements(IIIJ)V+4
j  org.engine.graphics.Renderer.renderMesh(Lorg/engine/objects/GameObject;Lorg/engine/objects/Camera;)V+135
j  org.main.Main.render()V+111
j  org.main.Main.run()V+28
j  java.lang.Thread.run()V+11 java.base@17.0.10
v  ~StubRoutines::call_stub

siginfo: EXCEPTION_ACCESS_VIOLATION (0xc0000005), reading address 0x0000000000000000


Registers:
RAX=0x00007ffcedd760e5, RBX=0x000001d84aa3c080, RCX=0x000001d84b4712e0, RDX=0x0000000000000000
RSP=0x0000009563ffee28, RBP=0x0000000000000000, RSI=0x000001d84b4712b8, RDI=0x0000000000000018
R8 =0x0000000000000018, R9 =0x00007ffcedca0000, R10=0x000000000000000e, R11=0x00007ffcefbe93cf
R12=0x0000000000000018, R13=0x000001d84b4712e0, R14=0x0000000000000000, R15=0x0000000000000018
RIP=0x00007ffcedd760e5, EFLAGS=0x0000000000010202


Register to memory mapping:

RIP=0x00007ffcedd760e5 atio6axx.dll
RAX=0x00007ffcedd760e5 atio6axx.dll
RBX=0x000001d84aa3c080 points into unknown readable memory: 0x00007ffcf0c10830 | 30 08 c1 f0 fc 7f 00 00
RCX=0x000001d84b4712e0 points into unknown readable memory: 0x0000000000000000 | 00 00 00 00 00 00 00 00
RDX=0x0 is NULL
RSP=0x0000009563ffee28 is pointing into the stack for thread: 0x000001d87c3e0260
RBP=0x0 is NULL
RSI=0x000001d84b4712b8 points into unknown readable memory: 0x0000000000000000 | 00 00 00 00 00 00 00 00
RDI=0x0000000000000018 is an unknown value
R8 =0x0000000000000018 is an unknown value
R9 =0x00007ffcedca0000 atio6axx.dll
R10=0x000000000000000e is an unknown value
R11=0x00007ffcefbe93cf atio6axx.dll
R12=0x0000000000000018 is an unknown value
R13=0x000001d84b4712e0 points into unknown readable memory: 0x0000000000000000 | 00 00 00 00 00 00 00 00
R14=0x0 is NULL
R15=0x0000000000000018 is an unknown value


Top of Stack: (sp=0x0000009563ffee28)
0x0000009563ffee28:   00007ffcee42b55e 0000009563ffed40
0x0000009563ffee38:   0000000000000000 0000000000000000
0x0000009563ffee48:   00007ffcef407676 000001d84b4712b8
0x0000009563ffee58:   0000000000000018 0000000000000040
0x0000009563ffee68:   0000000000000000 0000000000000006
0x0000009563ffee78:   0000000000001405 0000000000000000
0x0000009563ffee88:   0000000000000004 000001d84174cdf8
0x0000009563ffee98:   0000000000000000 000001d84a719528
0x0000009563ffeea8:   0000000000000006 000001d84aa3c080
0x0000009563ffeeb8:   00007ffcee4fff3d 0000000000000000
0x0000009563ffeec8:   000001d800000004 0000000000000006
0x0000009563ffeed8:   0000000000001405 0000000000000000
0x0000009563ffeee8:   000000000017555d 000001d84174cdf8
0x0000009563ffeef8:   000001d87c3e0260 000001d84dc46018
0x0000009563ffef08:   00007ffceddef75a 000001d84aa3c080
0x0000009563ffef18:   0000003800000000 000001d84a719528
0x0000009563ffef28:   0000009563fff000 0000000000000006
0x0000009563ffef38:   0000000000000004 0000000000000000
0x0000009563ffef48:   00007ffceddf74a9 000001d84dc46018
0x0000009563ffef58:   0000000000001405 000001d84aa3c080
0x0000009563ffef68:   00007ffcf13e6060 000001d87c3e0260
0x0000009563ffef78:   000001d87c3e0260 000001d84174cdf8
0x0000009563ffef88:   000001d87c3e0260 000001d867539400
0x0000009563ffef98:   000001d84a719528 000001d84174cd00
0x0000009563ffefa8:   000001d84174cdf8 000001d87c3e0260
0x0000009563ffefb8:   0000009563fff0a8 0000000000000000
0x0000009563ffefc8:   000001d86753d621 000001d84174cdf8
0x0000009563ffefd8:   0000009563fff068 000001d84b9c9700
0x0000009563ffefe8:   000001d8675394fe 000001d800001405
0x0000009563ffeff8:   0000000000000000 3ff0000000000000
0x0000009563fff008:   000001d87c3e0260 000001d84b9c9700
0x0000009563fff018:   000001d86753d2f6 0000009563fff020 

Instructions: (pc=0x00007ffcedd760e5)
0x00007ffcedd75fe5:   08 c3 f2 0f 10 02 f2 0f 11 01 0f b7 42 08 66 89
0x00007ffcedd75ff5:   41 08 0f b6 42 0a 88 41 0a c3 f2 0f 10 02 f2 0f
0x00007ffcedd76005:   11 01 8b 42 08 89 41 08 c3 f2 0f 10 02 f2 0f 11
0x00007ffcedd76015:   01 8b 42 08 89 41 08 0f b6 42 0c 88 41 0c c3 f2
0x00007ffcedd76025:   0f 10 02 f2 0f 11 01 8b 42 08 89 41 08 0f b7 42
0x00007ffcedd76035:   0c 66 89 41 0c c3 f2 0f 10 02 f2 0f 11 01 8b 42
0x00007ffcedd76045:   08 89 41 08 0f b7 42 0c 66 89 41 0c 0f b6 42 0e
0x00007ffcedd76055:   88 41 0e c3 0f 10 02 0f 11 01 c3 0f 10 02 0f 11
0x00007ffcedd76065:   01 0f b6 42 10 88 41 10 c3 0f 10 02 0f 11 01 0f
0x00007ffcedd76075:   b7 42 10 66 89 41 10 c3 0f 10 02 0f 11 01 0f b7
0x00007ffcedd76085:   42 10 66 89 41 10 0f b6 42 12 88 41 12 c3 0f 10
0x00007ffcedd76095:   02 0f 11 01 8b 42 10 89 41 10 c3 0f 10 02 0f 11
0x00007ffcedd760a5:   01 8b 42 10 89 41 10 0f b6 42 14 88 41 14 c3 0f
0x00007ffcedd760b5:   10 02 0f 11 01 8b 42 10 89 41 10 0f b7 42 14 66
0x00007ffcedd760c5:   89 41 14 c3 0f 10 02 0f 11 01 8b 42 10 89 41 10
0x00007ffcedd760d5:   0f b7 42 14 66 89 41 14 0f b6 42 16 88 41 16 c3
0x00007ffcedd760e5:   0f 10 02 0f 11 01 f2 0f 10 4a 10 f2 0f 11 49 10
0x00007ffcedd760f5:   c3 0f 10 02 0f 11 01 f2 0f 10 4a 10 f2 0f 11 49
0x00007ffcedd76105:   10 0f b6 42 18 88 41 18 c3 0f 10 02 0f 11 01 f2
0x00007ffcedd76115:   0f 10 4a 10 f2 0f 11 49 10 0f b7 42 18 66 89 41
0x00007ffcedd76125:   18 c3 0f 10 02 0f 11 01 f2 0f 10 4a 10 f2 0f 11
0x00007ffcedd76135:   49 10 0f b7 42 18 66 89 41 18 0f b6 42 1a 88 41
0x00007ffcedd76145:   1a c3 0f 10 02 0f 11 01 f2 0f 10 4a 10 f2 0f 11
0x00007ffcedd76155:   49 10 8b 42 18 89 41 18 c3 0f 10 02 0f 11 01 f2
0x00007ffcedd76165:   0f 10 4a 10 f2 0f 11 49 10 8b 42 18 89 41 18 0f
0x00007ffcedd76175:   b6 42 1c 88 41 1c c3 0f 10 02 0f 11 01 f2 0f 10
0x00007ffcedd76185:   4a 10 f2 0f 11 49 10 8b 42 18 89 41 18 0f b7 42
0x00007ffcedd76195:   1c 66 89 41 1c c3 0f 10 02 0f 11 01 f2 0f 10 4a
0x00007ffcedd761a5:   10 f2 0f 11 49 10 8b 42 18 89 41 18 0f b7 42 1c
0x00007ffcedd761b5:   66 89 41 1c 0f b6 42 1e 88 41 1e c3 0f 10 02 0f
0x00007ffcedd761c5:   11 01 0f 10 4a 10 0f 11 49 10 c3 0f 10 02 0f 11
0x00007ffcedd761d5:   01 0f 10 4a 10 0f 11 49 10 0f b6 42 20 88 41 20 


Stack slot to memory mapping:
stack at sp + 0 slots: 0x00007ffcee42b55e atio6axx.dll
stack at sp + 1 slots: 0x0000009563ffed40 is pointing into the stack for thread: 0x000001d87c3e0260
stack at sp + 2 slots: 0x0 is NULL
stack at sp + 3 slots: 0x0 is NULL
stack at sp + 4 slots: 0x00007ffcef407676 atio6axx.dll
stack at sp + 5 slots: 0x000001d84b4712b8 points into unknown readable memory: 0x0000000000000000 | 00 00 00 00 00 00 00 00
stack at sp + 6 slots: 0x0000000000000018 is an unknown value
stack at sp + 7 slots: 0x0000000000000040 is an unknown value


---------------  P R O C E S S  ---------------

Threads class SMR info:
_java_thread_list=0x000001d84b931d60, length=16, elements={
0x000001d87c20c300, 0x000001d87c20dcd0, 0x000001d87c220ad0, 0x000001d87c221490,
0x000001d87c221e50, 0x000001d87c222a20, 0x000001d87c226810, 0x000001d87c232be0,
0x000001d87c25e1f0, 0x000001d87c0e2350, 0x000001d87c3dbc20, 0x000001d87c3df980,
0x000001d87c3e0260, 0x000001d856e028c0, 0x000001d84b8f5e80, 0x000001d84b9853d0
}

Java Threads: ( => current thread )
  0x000001d87c20c300 JavaThread "Reference Handler" daemon [_thread_blocked, id=11840, stack(0x0000009563200000,0x0000009563300000)]
  0x000001d87c20dcd0 JavaThread "Finalizer" daemon [_thread_blocked, id=10716, stack(0x0000009563300000,0x0000009563400000)]
  0x000001d87c220ad0 JavaThread "Signal Dispatcher" daemon [_thread_blocked, id=28220, stack(0x0000009563400000,0x0000009563500000)]
  0x000001d87c221490 JavaThread "Attach Listener" daemon [_thread_blocked, id=21640, stack(0x0000009563500000,0x0000009563600000)]
  0x000001d87c221e50 JavaThread "Service Thread" daemon [_thread_blocked, id=9560, stack(0x0000009563600000,0x0000009563700000)]
  0x000001d87c222a20 JavaThread "Monitor Deflation Thread" daemon [_thread_blocked, id=25784, stack(0x0000009563700000,0x0000009563800000)]
  0x000001d87c226810 JavaThread "C2 CompilerThread0" daemon [_thread_blocked, id=30812, stack(0x0000009563800000,0x0000009563900000)]
  0x000001d87c232be0 JavaThread "C1 CompilerThread0" daemon [_thread_blocked, id=4836, stack(0x0000009563900000,0x0000009563a00000)]
  0x000001d87c25e1f0 JavaThread "Sweeper thread" daemon [_thread_blocked, id=26012, stack(0x0000009563a00000,0x0000009563b00000)]
  0x000001d87c0e2350 JavaThread "C1 CompilerThread1" daemon [_thread_blocked, id=26312, stack(0x0000009563b00000,0x0000009563c00000)]
  0x000001d87c3dbc20 JavaThread "Notification Thread" daemon [_thread_blocked, id=13344, stack(0x0000009563c00000,0x0000009563d00000)]
  0x000001d87c3df980 JavaThread "Common-Cleaner" daemon [_thread_blocked, id=17084, stack(0x0000009563e00000,0x0000009563f00000)]
=>0x000001d87c3e0260 JavaThread "game" [_thread_in_native, id=16388, stack(0x0000009563f00000,0x0000009564000000)]
  0x000001d856e028c0 JavaThread "DestroyJavaVM" [_thread_blocked, id=31372, stack(0x0000009562b00000,0x0000009562c00000)]
  0x000001d84b8f5e80 JavaThread "C1 CompilerThread2" daemon [_thread_blocked, id=6372, stack(0x0000009564000000,0x0000009564100000)]
  0x000001d84b9853d0 JavaThread "C1 CompilerThread3" daemon [_thread_blocked, id=23352, stack(0x0000009564700000,0x0000009564800000)]

Other Threads:
  0x000001d87c0eec40 VMThread "VM Thread" [stack: 0x0000009563100000,0x0000009563200000] [id=9760]
  0x000001d87c3de520 WatcherThread [stack: 0x0000009563d00000,0x0000009563e00000] [id=25672]
  0x000001d856e6a750 GCTaskThread "GC Thread#0" [stack: 0x0000009562c00000,0x0000009562d00000] [id=13924]
  0x000001d856e7ba70 ConcurrentGCThread "G1 Main Marker" [stack: 0x0000009562d00000,0x0000009562e00000] [id=8480]
  0x000001d856e7cc30 ConcurrentGCThread "G1 Conc#0" [stack: 0x0000009562e00000,0x0000009562f00000] [id=30028]
  0x000001d87bf8b260 ConcurrentGCThread "G1 Refine#0" [stack: 0x0000009562f00000,0x0000009563000000] [id=19916]
  0x000001d87bf8ebb0 ConcurrentGCThread "G1 Service" [stack: 0x0000009563000000,0x0000009563100000] [id=6984]

Threads with active compile tasks:

VM state: not at safepoint (normal execution)

VM Mutex/Monitor currently owned by a thread: None

Heap address: 0x000000070c400000, size: 3900 MB, Compressed Oops mode: Zero based, Oop shift amount: 3

CDS archive(s) mapped at: [0x000001d800000000-0x000001d800bb0000-0x000001d800bb0000), size 12255232, SharedBaseAddress: 0x000001d800000000, ArchiveRelocationMode: 1.
Compressed class space mapped at: 0x000001d801000000-0x000001d841000000, reserved size: 1073741824
Narrow klass base: 0x000001d800000000, Narrow klass shift: 0, Narrow klass range: 0x100000000

GC Precious Log:
 CPUs: 16 total, 16 available
 Memory: 15596M
 Large Page Support: Disabled
 NUMA Support: Disabled
 Compressed Oops: Enabled (Zero based)
 Heap Region Size: 2M
 Heap Min Capacity: 8M
 Heap Initial Capacity: 244M
 Heap Max Capacity: 3900M
 Pre-touch: Disabled
 Parallel Workers: 13
 Concurrent Workers: 3
 Concurrent Refinement Workers: 13
 Periodic GC: Disabled

Heap:
 garbage-first heap   total 249856K, used 14336K [0x000000070c400000, 0x0000000800000000)
  region size 2048K, 9 young (18432K), 0 survivors (0K)
 Metaspace       used 5621K, committed 5824K, reserved 1114112K
  class space    used 289K, committed 384K, reserved 1048576K

Heap Regions: E=young(eden), S=young(survivor), O=old, HS=humongous(starts), HC=humongous(continues), CS=collection set, F=free, OA=open archive, CA=closed archive, TAMS=top-at-mark-start (previous, next)
|   0|0x000000070c400000, 0x000000070c400000, 0x000000070c600000|  0%| F|  |TAMS 0x000000070c400000, 0x000000070c400000| Untracked 
|   1|0x000000070c600000, 0x000000070c600000, 0x000000070c800000|  0%| F|  |TAMS 0x000000070c600000, 0x000000070c600000| Untracked 
|   2|0x000000070c800000, 0x000000070c800000, 0x000000070ca00000|  0%| F|  |TAMS 0x000000070c800000, 0x000000070c800000| Untracked 
|   3|0x000000070ca00000, 0x000000070ca00000, 0x000000070cc00000|  0%| F|  |TAMS 0x000000070ca00000, 0x000000070ca00000| Untracked 
|   4|0x000000070cc00000, 0x000000070cc00000, 0x000000070ce00000|  0%| F|  |TAMS 0x000000070cc00000, 0x000000070cc00000| Untracked 
|   5|0x000000070ce00000, 0x000000070ce00000, 0x000000070d000000|  0%| F|  |TAMS 0x000000070ce00000, 0x000000070ce00000| Untracked 
|   6|0x000000070d000000, 0x000000070d000000, 0x000000070d200000|  0%| F|  |TAMS 0x000000070d000000, 0x000000070d000000| Untracked 
|   7|0x000000070d200000, 0x000000070d200000, 0x000000070d400000|  0%| F|  |TAMS 0x000000070d200000, 0x000000070d200000| Untracked 
|   8|0x000000070d400000, 0x000000070d400000, 0x000000070d600000|  0%| F|  |TAMS 0x000000070d400000, 0x000000070d400000| Untracked 
|   9|0x000000070d600000, 0x000000070d600000, 0x000000070d800000|  0%| F|  |TAMS 0x000000070d600000, 0x000000070d600000| Untracked 
|  10|0x000000070d800000, 0x000000070d800000, 0x000000070da00000|  0%| F|  |TAMS 0x000000070d800000, 0x000000070d800000| Untracked 
|  11|0x000000070da00000, 0x000000070da00000, 0x000000070dc00000|  0%| F|  |TAMS 0x000000070da00000, 0x000000070da00000| Untracked 
|  12|0x000000070dc00000, 0x000000070dc00000, 0x000000070de00000|  0%| F|  |TAMS 0x000000070dc00000, 0x000000070dc00000| Untracked 
|  13|0x000000070de00000, 0x000000070de00000, 0x000000070e000000|  0%| F|  |TAMS 0x000000070de00000, 0x000000070de00000| Untracked 
|  14|0x000000070e000000, 0x000000070e000000, 0x000000070e200000|  0%| F|  |TAMS 0x000000070e000000, 0x000000070e000000| Untracked 
|  15|0x000000070e200000, 0x000000070e200000, 0x000000070e400000|  0%| F|  |TAMS 0x000000070e200000, 0x000000070e200000| Untracked 
|  16|0x000000070e400000, 0x000000070e400000, 0x000000070e600000|  0%| F|  |TAMS 0x000000070e400000, 0x000000070e400000| Untracked 
|  17|0x000000070e600000, 0x000000070e600000, 0x000000070e800000|  0%| F|  |TAMS 0x000000070e600000, 0x000000070e600000| Untracked 
|  18|0x000000070e800000, 0x000000070e800000, 0x000000070ea00000|  0%| F|  |TAMS 0x000000070e800000, 0x000000070e800000| Untracked 
|  19|0x000000070ea00000, 0x000000070ea00000, 0x000000070ec00000|  0%| F|  |TAMS 0x000000070ea00000, 0x000000070ea00000| Untracked 
|  20|0x000000070ec00000, 0x000000070ec00000, 0x000000070ee00000|  0%| F|  |TAMS 0x000000070ec00000, 0x000000070ec00000| Untracked 
|  21|0x000000070ee00000, 0x000000070ee00000, 0x000000070f000000|  0%| F|  |TAMS 0x000000070ee00000, 0x000000070ee00000| Untracked 
|  22|0x000000070f000000, 0x000000070f000000, 0x000000070f200000|  0%| F|  |TAMS 0x000000070f000000, 0x000000070f000000| Untracked 
|  23|0x000000070f200000, 0x000000070f200000, 0x000000070f400000|  0%| F|  |TAMS 0x000000070f200000, 0x000000070f200000| Untracked 
|  24|0x000000070f400000, 0x000000070f400000, 0x000000070f600000|  0%| F|  |TAMS 0x000000070f400000, 0x000000070f400000| Untracked 
|  25|0x000000070f600000, 0x000000070f600000, 0x000000070f800000|  0%| F|  |TAMS 0x000000070f600000, 0x000000070f600000| Untracked 
|  26|0x000000070f800000, 0x000000070f800000, 0x000000070fa00000|  0%| F|  |TAMS 0x000000070f800000, 0x000000070f800000| Untracked 
|  27|0x000000070fa00000, 0x000000070fa00000, 0x000000070fc00000|  0%| F|  |TAMS 0x000000070fa00000, 0x000000070fa00000| Untracked 
|  28|0x000000070fc00000, 0x000000070fc00000, 0x000000070fe00000|  0%| F|  |TAMS 0x000000070fc00000, 0x000000070fc00000| Untracked 
|  29|0x000000070fe00000, 0x000000070fe00000, 0x0000000710000000|  0%| F|  |TAMS 0x000000070fe00000, 0x000000070fe00000| Untracked 
|  30|0x0000000710000000, 0x0000000710000000, 0x0000000710200000|  0%| F|  |TAMS 0x0000000710000000, 0x0000000710000000| Untracked 
|  31|0x0000000710200000, 0x0000000710200000, 0x0000000710400000|  0%| F|  |TAMS 0x0000000710200000, 0x0000000710200000| Untracked 
|  32|0x0000000710400000, 0x0000000710400000, 0x0000000710600000|  0%| F|  |TAMS 0x0000000710400000, 0x0000000710400000| Untracked 
|  33|0x0000000710600000, 0x0000000710600000, 0x0000000710800000|  0%| F|  |TAMS 0x0000000710600000, 0x0000000710600000| Untracked 
|  34|0x0000000710800000, 0x0000000710800000, 0x0000000710a00000|  0%| F|  |TAMS 0x0000000710800000, 0x0000000710800000| Untracked 
|  35|0x0000000710a00000, 0x0000000710a00000, 0x0000000710c00000|  0%| F|  |TAMS 0x0000000710a00000, 0x0000000710a00000| Untracked 
|  36|0x0000000710c00000, 0x0000000710c00000, 0x0000000710e00000|  0%| F|  |TAMS 0x0000000710c00000, 0x0000000710c00000| Untracked 
|  37|0x0000000710e00000, 0x0000000710e00000, 0x0000000711000000|  0%| F|  |TAMS 0x0000000710e00000, 0x0000000710e00000| Untracked 
|  38|0x0000000711000000, 0x0000000711000000, 0x0000000711200000|  0%| F|  |TAMS 0x0000000711000000, 0x0000000711000000| Untracked 
|  39|0x0000000711200000, 0x0000000711200000, 0x0000000711400000|  0%| F|  |TAMS 0x0000000711200000, 0x0000000711200000| Untracked 
|  40|0x0000000711400000, 0x0000000711400000, 0x0000000711600000|  0%| F|  |TAMS 0x0000000711400000, 0x0000000711400000| Untracked 
|  41|0x0000000711600000, 0x0000000711600000, 0x0000000711800000|  0%| F|  |TAMS 0x0000000711600000, 0x0000000711600000| Untracked 
|  42|0x0000000711800000, 0x0000000711800000, 0x0000000711a00000|  0%| F|  |TAMS 0x0000000711800000, 0x0000000711800000| Untracked 
|  43|0x0000000711a00000, 0x0000000711a00000, 0x0000000711c00000|  0%| F|  |TAMS 0x0000000711a00000, 0x0000000711a00000| Untracked 
|  44|0x0000000711c00000, 0x0000000711c00000, 0x0000000711e00000|  0%| F|  |TAMS 0x0000000711c00000, 0x0000000711c00000| Untracked 
|  45|0x0000000711e00000, 0x0000000711e00000, 0x0000000712000000|  0%| F|  |TAMS 0x0000000711e00000, 0x0000000711e00000| Untracked 
|  46|0x0000000712000000, 0x0000000712000000, 0x0000000712200000|  0%| F|  |TAMS 0x0000000712000000, 0x0000000712000000| Untracked 
|  47|0x0000000712200000, 0x0000000712200000, 0x0000000712400000|  0%| F|  |TAMS 0x0000000712200000, 0x0000000712200000| Untracked 
|  48|0x0000000712400000, 0x0000000712400000, 0x0000000712600000|  0%| F|  |TAMS 0x0000000712400000, 0x0000000712400000| Untracked 
|  49|0x0000000712600000, 0x0000000712600000, 0x0000000712800000|  0%| F|  |TAMS 0x0000000712600000, 0x0000000712600000| Untracked 
|  50|0x0000000712800000, 0x0000000712800000, 0x0000000712a00000|  0%| F|  |TAMS 0x0000000712800000, 0x0000000712800000| Untracked 
|  51|0x0000000712a00000, 0x0000000712a00000, 0x0000000712c00000|  0%| F|  |TAMS 0x0000000712a00000, 0x0000000712a00000| Untracked 
|  52|0x0000000712c00000, 0x0000000712c00000, 0x0000000712e00000|  0%| F|  |TAMS 0x0000000712c00000, 0x0000000712c00000| Untracked 
|  53|0x0000000712e00000, 0x0000000712e00000, 0x0000000713000000|  0%| F|  |TAMS 0x0000000712e00000, 0x0000000712e00000| Untracked 
|  54|0x0000000713000000, 0x0000000713000000, 0x0000000713200000|  0%| F|  |TAMS 0x0000000713000000, 0x0000000713000000| Untracked 
|  55|0x0000000713200000, 0x0000000713200000, 0x0000000713400000|  0%| F|  |TAMS 0x0000000713200000, 0x0000000713200000| Untracked 
|  56|0x0000000713400000, 0x0000000713400000, 0x0000000713600000|  0%| F|  |TAMS 0x0000000713400000, 0x0000000713400000| Untracked 
|  57|0x0000000713600000, 0x0000000713600000, 0x0000000713800000|  0%| F|  |TAMS 0x0000000713600000, 0x0000000713600000| Untracked 
|  58|0x0000000713800000, 0x0000000713800000, 0x0000000713a00000|  0%| F|  |TAMS 0x0000000713800000, 0x0000000713800000| Untracked 
|  59|0x0000000713a00000, 0x0000000713a00000, 0x0000000713c00000|  0%| F|  |TAMS 0x0000000713a00000, 0x0000000713a00000| Untracked 
|  60|0x0000000713c00000, 0x0000000713c00000, 0x0000000713e00000|  0%| F|  |TAMS 0x0000000713c00000, 0x0000000713c00000| Untracked 
|  61|0x0000000713e00000, 0x0000000713e00000, 0x0000000714000000|  0%| F|  |TAMS 0x0000000713e00000, 0x0000000713e00000| Untracked 
|  62|0x0000000714000000, 0x0000000714000000, 0x0000000714200000|  0%| F|  |TAMS 0x0000000714000000, 0x0000000714000000| Untracked 
|  63|0x0000000714200000, 0x0000000714200000, 0x0000000714400000|  0%| F|  |TAMS 0x0000000714200000, 0x0000000714200000| Untracked 
|  64|0x0000000714400000, 0x0000000714400000, 0x0000000714600000|  0%| F|  |TAMS 0x0000000714400000, 0x0000000714400000| Untracked 
|  65|0x0000000714600000, 0x0000000714600000, 0x0000000714800000|  0%| F|  |TAMS 0x0000000714600000, 0x0000000714600000| Untracked 
|  66|0x0000000714800000, 0x0000000714800000, 0x0000000714a00000|  0%| F|  |TAMS 0x0000000714800000, 0x0000000714800000| Untracked 
|  67|0x0000000714a00000, 0x0000000714a00000, 0x0000000714c00000|  0%| F|  |TAMS 0x0000000714a00000, 0x0000000714a00000| Untracked 
|  68|0x0000000714c00000, 0x0000000714c00000, 0x0000000714e00000|  0%| F|  |TAMS 0x0000000714c00000, 0x0000000714c00000| Untracked 
|  69|0x0000000714e00000, 0x0000000714e00000, 0x0000000715000000|  0%| F|  |TAMS 0x0000000714e00000, 0x0000000714e00000| Untracked 
|  70|0x0000000715000000, 0x0000000715000000, 0x0000000715200000|  0%| F|  |TAMS 0x0000000715000000, 0x0000000715000000| Untracked 
|  71|0x0000000715200000, 0x0000000715200000, 0x0000000715400000|  0%| F|  |TAMS 0x0000000715200000, 0x0000000715200000| Untracked 
|  72|0x0000000715400000, 0x0000000715400000, 0x0000000715600000|  0%| F|  |TAMS 0x0000000715400000, 0x0000000715400000| Untracked 
|  73|0x0000000715600000, 0x0000000715600000, 0x0000000715800000|  0%| F|  |TAMS 0x0000000715600000, 0x0000000715600000| Untracked 
|  74|0x0000000715800000, 0x0000000715800000, 0x0000000715a00000|  0%| F|  |TAMS 0x0000000715800000, 0x0000000715800000| Untracked 
|  75|0x0000000715a00000, 0x0000000715a00000, 0x0000000715c00000|  0%| F|  |TAMS 0x0000000715a00000, 0x0000000715a00000| Untracked 
|  76|0x0000000715c00000, 0x0000000715c00000, 0x0000000715e00000|  0%| F|  |TAMS 0x0000000715c00000, 0x0000000715c00000| Untracked 
|  77|0x0000000715e00000, 0x0000000715e00000, 0x0000000716000000|  0%| F|  |TAMS 0x0000000715e00000, 0x0000000715e00000| Untracked 
|  78|0x0000000716000000, 0x0000000716000000, 0x0000000716200000|  0%| F|  |TAMS 0x0000000716000000, 0x0000000716000000| Untracked 
|  79|0x0000000716200000, 0x0000000716200000, 0x0000000716400000|  0%| F|  |TAMS 0x0000000716200000, 0x0000000716200000| Untracked 
|  80|0x0000000716400000, 0x0000000716400000, 0x0000000716600000|  0%| F|  |TAMS 0x0000000716400000, 0x0000000716400000| Untracked 
|  81|0x0000000716600000, 0x0000000716600000, 0x0000000716800000|  0%| F|  |TAMS 0x0000000716600000, 0x0000000716600000| Untracked 
|  82|0x0000000716800000, 0x0000000716800000, 0x0000000716a00000|  0%| F|  |TAMS 0x0000000716800000, 0x0000000716800000| Untracked 
|  83|0x0000000716a00000, 0x0000000716a00000, 0x0000000716c00000|  0%| F|  |TAMS 0x0000000716a00000, 0x0000000716a00000| Untracked 
|  84|0x0000000716c00000, 0x0000000716c00000, 0x0000000716e00000|  0%| F|  |TAMS 0x0000000716c00000, 0x0000000716c00000| Untracked 
|  85|0x0000000716e00000, 0x0000000716e00000, 0x0000000717000000|  0%| F|  |TAMS 0x0000000716e00000, 0x0000000716e00000| Untracked 
|  86|0x0000000717000000, 0x0000000717000000, 0x0000000717200000|  0%| F|  |TAMS 0x0000000717000000, 0x0000000717000000| Untracked 
|  87|0x0000000717200000, 0x0000000717200000, 0x0000000717400000|  0%| F|  |TAMS 0x0000000717200000, 0x0000000717200000| Untracked 
|  88|0x0000000717400000, 0x0000000717400000, 0x0000000717600000|  0%| F|  |TAMS 0x0000000717400000, 0x0000000717400000| Untracked 
|  89|0x0000000717600000, 0x0000000717600000, 0x0000000717800000|  0%| F|  |TAMS 0x0000000717600000, 0x0000000717600000| Untracked 
|  90|0x0000000717800000, 0x0000000717800000, 0x0000000717a00000|  0%| F|  |TAMS 0x0000000717800000, 0x0000000717800000| Untracked 
|  91|0x0000000717a00000, 0x0000000717a00000, 0x0000000717c00000|  0%| F|  |TAMS 0x0000000717a00000, 0x0000000717a00000| Untracked 
|  92|0x0000000717c00000, 0x0000000717c00000, 0x0000000717e00000|  0%| F|  |TAMS 0x0000000717c00000, 0x0000000717c00000| Untracked 
|  93|0x0000000717e00000, 0x0000000717e00000, 0x0000000718000000|  0%| F|  |TAMS 0x0000000717e00000, 0x0000000717e00000| Untracked 
|  94|0x0000000718000000, 0x0000000718000000, 0x0000000718200000|  0%| F|  |TAMS 0x0000000718000000, 0x0000000718000000| Untracked 
|  95|0x0000000718200000, 0x0000000718200000, 0x0000000718400000|  0%| F|  |TAMS 0x0000000718200000, 0x0000000718200000| Untracked 
|  96|0x0000000718400000, 0x0000000718400000, 0x0000000718600000|  0%| F|  |TAMS 0x0000000718400000, 0x0000000718400000| Untracked 
|  97|0x0000000718600000, 0x0000000718600000, 0x0000000718800000|  0%| F|  |TAMS 0x0000000718600000, 0x0000000718600000| Untracked 
|  98|0x0000000718800000, 0x0000000718800000, 0x0000000718a00000|  0%| F|  |TAMS 0x0000000718800000, 0x0000000718800000| Untracked 
|  99|0x0000000718a00000, 0x0000000718a00000, 0x0000000718c00000|  0%| F|  |TAMS 0x0000000718a00000, 0x0000000718a00000| Untracked 
| 100|0x0000000718c00000, 0x0000000718c00000, 0x0000000718e00000|  0%| F|  |TAMS 0x0000000718c00000, 0x0000000718c00000| Untracked 
| 101|0x0000000718e00000, 0x0000000718e00000, 0x0000000719000000|  0%| F|  |TAMS 0x0000000718e00000, 0x0000000718e00000| Untracked 
| 102|0x0000000719000000, 0x0000000719000000, 0x0000000719200000|  0%| F|  |TAMS 0x0000000719000000, 0x0000000719000000| Untracked 
| 103|0x0000000719200000, 0x0000000719200000, 0x0000000719400000|  0%| F|  |TAMS 0x0000000719200000, 0x0000000719200000| Untracked 
| 104|0x0000000719400000, 0x0000000719400000, 0x0000000719600000|  0%| F|  |TAMS 0x0000000719400000, 0x0000000719400000| Untracked 
| 105|0x0000000719600000, 0x0000000719600000, 0x0000000719800000|  0%| F|  |TAMS 0x0000000719600000, 0x0000000719600000| Untracked 
| 106|0x0000000719800000, 0x0000000719800000, 0x0000000719a00000|  0%| F|  |TAMS 0x0000000719800000, 0x0000000719800000| Untracked 
| 107|0x0000000719a00000, 0x0000000719a00000, 0x0000000719c00000|  0%| F|  |TAMS 0x0000000719a00000, 0x0000000719a00000| Untracked 
| 108|0x0000000719c00000, 0x0000000719c00000, 0x0000000719e00000|  0%| F|  |TAMS 0x0000000719c00000, 0x0000000719c00000| Untracked 
| 109|0x0000000719e00000, 0x0000000719e00000, 0x000000071a000000|  0%| F|  |TAMS 0x0000000719e00000, 0x0000000719e00000| Untracked 
| 110|0x000000071a000000, 0x000000071a000000, 0x000000071a200000|  0%| F|  |TAMS 0x000000071a000000, 0x000000071a000000| Untracked 
| 111|0x000000071a200000, 0x000000071a200000, 0x000000071a400000|  0%| F|  |TAMS 0x000000071a200000, 0x000000071a200000| Untracked 
| 112|0x000000071a400000, 0x000000071a400000, 0x000000071a600000|  0%| F|  |TAMS 0x000000071a400000, 0x000000071a400000| Untracked 
| 113|0x000000071a600000, 0x000000071a752b10, 0x000000071a800000| 66%| E|  |TAMS 0x000000071a600000, 0x000000071a600000| Complete 
| 114|0x000000071a800000, 0x000000071aa00000, 0x000000071aa00000|100%| E|CS|TAMS 0x000000071a800000, 0x000000071a800000| Complete 
| 115|0x000000071aa00000, 0x000000071ac00000, 0x000000071ac00000|100%| E|  |TAMS 0x000000071aa00000, 0x000000071aa00000| Complete 
| 116|0x000000071ac00000, 0x000000071ae00000, 0x000000071ae00000|100%| E|CS|TAMS 0x000000071ac00000, 0x000000071ac00000| Complete 
| 117|0x000000071ae00000, 0x000000071b000000, 0x000000071b000000|100%| E|CS|TAMS 0x000000071ae00000, 0x000000071ae00000| Complete 
| 118|0x000000071b000000, 0x000000071b200000, 0x000000071b200000|100%| E|CS|TAMS 0x000000071b000000, 0x000000071b000000| Complete 
| 119|0x000000071b200000, 0x000000071b400000, 0x000000071b400000|100%| E|CS|TAMS 0x000000071b200000, 0x000000071b200000| Complete 
| 120|0x000000071b400000, 0x000000071b600000, 0x000000071b600000|100%| E|CS|TAMS 0x000000071b400000, 0x000000071b400000| Complete 
| 121|0x000000071b600000, 0x000000071b800000, 0x000000071b800000|100%| E|CS|TAMS 0x000000071b600000, 0x000000071b600000| Complete 

Card table byte_map: [0x000001d870850000,0x000001d870ff0000] _byte_map_base: 0x000001d86cfee000

Marking Bits (Prev, Next): (CMBitMap*) 0x000001d856e6bd80, (CMBitMap*) 0x000001d856e6bdc0
 Prev Bits: [0x000001d871790000, 0x000001d875480000)
 Next Bits: [0x000001d875480000, 0x000001d879170000)

Polling page: 0x000001d856eb0000

Metaspace:

Usage:
  Non-class:      5.21 MB used.
      Class:    289.18 KB used.
       Both:      5.49 MB used.

Virtual space:
  Non-class space:       64.00 MB reserved,       5.31 MB (  8%) committed,  1 nodes.
      Class space:        1.00 GB reserved,     384.00 KB ( <1%) committed,  1 nodes.
             Both:        1.06 GB reserved,       5.69 MB ( <1%) committed. 

Chunk freelists:
   Non-Class:  8.30 MB
       Class:  15.56 MB
        Both:  23.86 MB

MaxMetaspaceSize: unlimited
CompressedClassSpaceSize: 1.00 GB
Initial GC threshold: 21.00 MB
Current GC threshold: 21.00 MB
CDS: on
MetaspaceReclaimPolicy: balanced
 - commit_granule_bytes: 65536.
 - commit_granule_words: 8192.
 - virtual_space_node_default_size: 8388608.
 - enlarge_chunks_in_place: 1.
 - new_chunks_are_fully_committed: 0.
 - uncommit_free_chunks: 1.
 - use_allocation_guard: 0.
 - handle_deallocations: 1.


Internal statistics:

num_allocs_failed_limit: 0.
num_arena_births: 46.
num_arena_deaths: 0.
num_vsnodes_births: 2.
num_vsnodes_deaths: 0.
num_space_committed: 89.
num_space_uncommitted: 0.
num_chunks_returned_to_freelist: 0.
num_chunks_taken_from_freelist: 187.
num_chunk_merges: 0.
num_chunk_splits: 144.
num_chunks_enlarged: 122.
num_inconsistent_stats: 0.

CodeHeap 'non-profiled nmethods': size=119168Kb used=218Kb max_used=218Kb free=118949Kb
 bounds [0x000001d867c80000, 0x000001d867ef0000, 0x000001d86f0e0000]
CodeHeap 'profiled nmethods': size=119104Kb used=1446Kb max_used=1446Kb free=117657Kb
 bounds [0x000001d8600e0000, 0x000001d860350000, 0x000001d867530000]
CodeHeap 'non-nmethods': size=7488Kb used=3238Kb max_used=3256Kb free=4249Kb
 bounds [0x000001d867530000, 0x000001d867870000, 0x000001d867c80000]
 total_blobs=1757 nmethods=792 adapters=875
 compilation: enabled
              stopped_count=0, restarted_count=0
 full_count=0

Compilation events (20 events):
Event: 0.619 Thread 0x000001d84b8f5e80  785   !   3       jdk.internal.misc.ScopedMemoryAccess::putByteInternal (37 bytes)
Event: 0.619 Thread 0x000001d84b9853d0  784   !   3       jdk.internal.misc.ScopedMemoryAccess::putByte (25 bytes)
Event: 0.620 Thread 0x000001d84b8f5e80 nmethod 785 0x000001d860241810 code [0x000001d8602419c0, 0x000001d860241ce8]
Event: 0.620 Thread 0x000001d84b9853d0 nmethod 784 0x000001d860241e90 code [0x000001d860242080, 0x000001d8602425d8]
Event: 0.620 Thread 0x000001d87c226810 nmethod 777 0x000001d867cb6790 code [0x000001d867cb6920, 0x000001d867cb6a48]
Event: 0.620 Thread 0x000001d87c0e2350 nmethod 783 0x000001d860242810 code [0x000001d860242a60, 0x000001d860243378]
Event: 0.624 Thread 0x000001d87c0e2350  786       3       sun.net.www.protocol.jar.Handler::parseURL (173 bytes)
Event: 0.624 Thread 0x000001d84b8f5e80  787       3       sun.net.www.protocol.jar.Handler::indexOfBangSlash (52 bytes)
Event: 0.624 Thread 0x000001d84b9853d0  788       3       java.net.URLStreamHandler::setURL (159 bytes)
Event: 0.624 Thread 0x000001d87c232be0  789       3       jdk.internal.loader.URLClassPath$JarLoader$2::<init> (31 bytes)
Event: 0.624 Thread 0x000001d87c232be0 nmethod 789 0x000001d860244910 code [0x000001d860244ac0, 0x000001d860244e58]
Event: 0.624 Thread 0x000001d87c232be0  790       3       java.lang.ClassLoader::compareCerts (197 bytes)
Event: 0.624 Thread 0x000001d84b8f5e80 nmethod 787 0x000001d860243810 code [0x000001d860243a80, 0x000001d860244578]
Event: 0.625 Thread 0x000001d87c0e2350 nmethod 786 0x000001d860244f90 code [0x000001d860245240, 0x000001d860245df8]
Event: 0.625 Thread 0x000001d84b9853d0 nmethod 788 0x000001d860246310 code [0x000001d8602466a0, 0x000001d860247c28]
Event: 0.625 Thread 0x000001d87c232be0 nmethod 790 0x000001d860248510 code [0x000001d860248720, 0x000001d860248ff8]
Event: 0.762 Thread 0x000001d84b8f5e80  791       3       org.engine.maths.Matrix4f::get (11 bytes)
Event: 0.762 Thread 0x000001d87c232be0  792       3       org.engine.maths.Matrix4f::set (12 bytes)
Event: 0.762 Thread 0x000001d87c232be0 nmethod 792 0x000001d860249310 code [0x000001d8602494a0, 0x000001d8602495d8]
Event: 0.762 Thread 0x000001d84b8f5e80 nmethod 791 0x000001d860249710 code [0x000001d8602498a0, 0x000001d8602499d8]

GC Heap History (0 events):
No events

Dll operation events (9 events):
Event: 0.006 Loaded shared library C:\Users\samj2\.jdks\corretto-17.0.10\bin\java.dll
Event: 0.018 Loaded shared library C:\Users\samj2\.jdks\corretto-17.0.10\bin\jsvml.dll
Event: 0.067 Loaded shared library C:\Users\samj2\.jdks\corretto-17.0.10\bin\net.dll
Event: 0.068 Loaded shared library C:\Users\samj2\.jdks\corretto-17.0.10\bin\nio.dll
Event: 0.070 Loaded shared library C:\Users\samj2\.jdks\corretto-17.0.10\bin\zip.dll
Event: 0.097 Loaded shared library C:\Users\samj2\.jdks\corretto-17.0.10\bin\jimage.dll
Event: 0.157 Loaded shared library C:\Users\samj2\AppData\Local\Temp\lwjglsamj2\3.2.3-build-13\lwjgl.dll
Event: 0.427 Loaded shared library C:\Users\samj2\AppData\Local\Temp\lwjglsamj2\3.2.3-build-13\lwjgl_opengl.dll
Event: 0.614 Loaded shared library C:\Users\samj2\.jdks\corretto-17.0.10\bin\awt.dll

Deoptimization events (18 events):
Event: 0.105 Thread 0x000001d87c3e0260 DEOPT PACKING pc=0x000001d8600f9b67 sp=0x0000009563ffa6b0
Event: 0.105 Thread 0x000001d87c3e0260 DEOPT UNPACKING pc=0x000001d867587143 sp=0x0000009563ff9ad0 mode 0
Event: 0.117 Thread 0x000001d87c3e0260 DEOPT PACKING pc=0x000001d8600e6dd1 sp=0x0000009563ff9e70
Event: 0.117 Thread 0x000001d87c3e0260 DEOPT UNPACKING pc=0x000001d867587143 sp=0x0000009563ff92e8 mode 0
Event: 0.145 Thread 0x000001d87c3e0260 Uncommon trap: trap_request=0xffffff45 fr.pc=0x000001d867c8aae4 relative=0x0000000000000064
Event: 0.145 Thread 0x000001d87c3e0260 Uncommon trap: reason=unstable_if action=reinterpret pc=0x000001d867c8aae4 method=java.io.WinNTFileSystem.isSlash(C)Z @ 9 c2
Event: 0.145 Thread 0x000001d87c3e0260 DEOPT PACKING pc=0x000001d867c8aae4 sp=0x0000009563ffc720
Event: 0.145 Thread 0x000001d87c3e0260 DEOPT UNPACKING pc=0x000001d8675869a3 sp=0x0000009563ffc6a8 mode 2
Event: 0.176 Thread 0x000001d87c3e0260 DEOPT PACKING pc=0x000001d860107365 sp=0x0000009563ffb860
Event: 0.176 Thread 0x000001d87c3e0260 DEOPT UNPACKING pc=0x000001d867587143 sp=0x0000009563ffacb0 mode 0
Event: 0.423 Thread 0x000001d87c3e0260 Uncommon trap: trap_request=0xffffff6e fr.pc=0x000001d867c9df98 relative=0x00000000000003f8
Event: 0.423 Thread 0x000001d87c3e0260 Uncommon trap: reason=loop_limit_check action=maybe_recompile pc=0x000001d867c9df98 method=java.lang.StringLatin1.indexOf([BI[BII)I @ 37 c2
Event: 0.423 Thread 0x000001d87c3e0260 DEOPT PACKING pc=0x000001d867c9df98 sp=0x0000009563ffe140
Event: 0.423 Thread 0x000001d87c3e0260 DEOPT UNPACKING pc=0x000001d8675869a3 sp=0x0000009563ffe0a0 mode 2
Event: 0.536 Thread 0x000001d87c3e0260 DEOPT PACKING pc=0x000001d86010d93e sp=0x0000009563ffdba0
Event: 0.536 Thread 0x000001d87c3e0260 DEOPT UNPACKING pc=0x000001d867587143 sp=0x0000009563ffd018 mode 0
Event: 0.545 Thread 0x000001d87c3e0260 DEOPT PACKING pc=0x000001d86010ea7e sp=0x0000009563ffdbe0
Event: 0.545 Thread 0x000001d87c3e0260 DEOPT UNPACKING pc=0x000001d867587143 sp=0x0000009563ffd050 mode 0

Classes unloaded (0 events):
No events

Classes redefined (0 events):
No events

Internal exceptions (14 events):
Event: 0.124 Thread 0x000001d87c3e0260 Exception <a 'java/lang/NoSuchMethodError'{0x000000071b363ac8}: 'void java.lang.invoke.DirectMethodHandle$Holder.invokeStatic(java.lang.Object, java.lang.Object)'> (0x000000071b363ac8) 
thrown [s\src\hotspot\share\interpreter\linkResolver.cpp, line 759]
Event: 0.125 Thread 0x000001d87c3e0260 Exception <a 'java/lang/NoSuchMethodError'{0x000000071b3693e0}: 'void java.lang.invoke.DirectMethodHandle$Holder.invokeSpecial(java.lang.Object, java.lang.Object, java.lang.Object)'> (0x000000071b3693e0) 
thrown [s\src\hotspot\share\interpreter\linkResolver.cpp, line 759]
Event: 0.127 Thread 0x000001d87c3e0260 Exception <a 'java/lang/NoSuchMethodError'{0x000000071b37c768}: 'java.lang.Object java.lang.invoke.DirectMethodHandle$Holder.invokeStatic(java.lang.Object, java.lang.Object, int)'> (0x000000071b37c768) 
thrown [s\src\hotspot\share\interpreter\linkResolver.cpp, line 759]
Event: 0.128 Thread 0x000001d87c3e0260 Exception <a 'java/lang/NoSuchMethodError'{0x000000071b3884d8}: 'void java.lang.invoke.DelegatingMethodHandle$Holder.delegate(java.lang.Object, java.lang.Object, int, java.lang.Object)'> (0x000000071b3884d8) 
thrown [s\src\hotspot\share\interpreter\linkResolver.cpp, line 759]
Event: 0.128 Thread 0x000001d87c3e0260 Exception <a 'java/lang/NoSuchMethodError'{0x000000071b38c718}: 'int java.lang.invoke.DirectMethodHandle$Holder.invokeSpecial(java.lang.Object, java.lang.Object, java.lang.Object)'> (0x000000071b38c718) 
thrown [s\src\hotspot\share\interpreter\linkResolver.cpp, line 759]
Event: 0.160 Thread 0x000001d87c3e0260 Exception <a 'sun/nio/fs/WindowsException'{0x000000071b03c768}> (0x000000071b03c768) 
thrown [s\src\hotspot\share\prims\jni.cpp, line 516]
Event: 0.161 Thread 0x000001d87c3e0260 Exception <a 'sun/nio/fs/WindowsException'{0x000000071b03ccc0}> (0x000000071b03ccc0) 
thrown [s\src\hotspot\share\prims\jni.cpp, line 516]
Event: 0.167 Thread 0x000001d87c3e0260 Exception <a 'sun/nio/fs/WindowsException'{0x000000071b053078}> (0x000000071b053078) 
thrown [s\src\hotspot\share\prims\jni.cpp, line 516]
Event: 0.168 Thread 0x000001d87c3e0260 Exception <a 'sun/nio/fs/WindowsException'{0x000000071b0533e8}> (0x000000071b0533e8) 
thrown [s\src\hotspot\share\prims\jni.cpp, line 516]
Event: 0.173 Thread 0x000001d87c3e0260 Exception <a 'java/lang/NoSuchMethodError'{0x000000071b091dd8}: 'java.lang.Object java.lang.invoke.DirectMethodHandle$Holder.invokeStaticInit(java.lang.Object)'> (0x000000071b091dd8) 
thrown [s\src\hotspot\share\interpreter\linkResolver.cpp, line 759]
Event: 0.426 Thread 0x000001d87c3e0260 Exception <a 'sun/nio/fs/WindowsException'{0x000000071b1d9a30}> (0x000000071b1d9a30) 
thrown [s\src\hotspot\share\prims\jni.cpp, line 516]
Event: 0.426 Thread 0x000001d87c3e0260 Exception <a 'sun/nio/fs/WindowsException'{0x000000071b1d9de0}> (0x000000071b1d9de0) 
thrown [s\src\hotspot\share\prims\jni.cpp, line 516]
Event: 0.429 Thread 0x000001d87c3e0260 Exception <a 'sun/nio/fs/WindowsException'{0x000000071b1e4528}> (0x000000071b1e4528) 
thrown [s\src\hotspot\share\prims\jni.cpp, line 516]
Event: 0.429 Thread 0x000001d87c3e0260 Exception <a 'sun/nio/fs/WindowsException'{0x000000071b1e4810}> (0x000000071b1e4810) 
thrown [s\src\hotspot\share\prims\jni.cpp, line 516]

VM Operations (6 events):
Event: 0.072 Executing VM operation: HandshakeAllThreads
Event: 0.072 Executing VM operation: HandshakeAllThreads done
Event: 0.144 Executing VM operation: HandshakeAllThreads
Event: 0.145 Executing VM operation: HandshakeAllThreads done
Event: 0.435 Executing VM operation: HandshakeAllThreads
Event: 0.435 Executing VM operation: HandshakeAllThreads done

Events (20 events):
Event: 0.615 loading class sun/java2d/cmm/ProfileDeferralInfo
Event: 0.615 loading class sun/java2d/cmm/ProfileDeferralInfo done
Event: 0.615 loading class java/awt/color/ICC_ProfileGray
Event: 0.615 loading class java/awt/color/ICC_ProfileGray done
Event: 0.615 loading class java/awt/image/DataBuffer
Event: 0.615 loading class java/awt/image/DataBuffer done
Event: 0.615 loading class java/awt/image/DataBuffer$1
Event: 0.615 loading class sun/awt/image/SunWritableRaster$DataStealer
Event: 0.615 loading class sun/awt/image/SunWritableRaster$DataStealer done
Event: 0.615 loading class java/awt/image/DataBuffer$1 done
Event: 0.615 loading class sun/awt/image/SunWritableRaster
Event: 0.615 loading class java/awt/image/WritableRaster
Event: 0.615 loading class java/awt/image/Raster
Event: 0.615 loading class java/awt/image/Raster done
Event: 0.615 loading class java/awt/image/WritableRaster done
Event: 0.615 loading class sun/awt/image/SunWritableRaster done
Event: 0.617 loading class java/io/EOFException
Event: 0.617 loading class java/io/EOFException done
Event: 0.617 loading class java/util/zip/DataFormatException
Event: 0.617 loading class java/util/zip/DataFormatException done


Dynamic libraries:
0x00007ff70d7b0000 - 0x00007ff70d7be000 	C:\Users\samj2\.jdks\corretto-17.0.10\bin\java.exe
0x00007ffd685f0000 - 0x00007ffd68806000 	C:\WINDOWS\SYSTEM32\ntdll.dll
0x00007ffd67590000 - 0x00007ffd67654000 	C:\WINDOWS\System32\KERNEL32.DLL
0x00007ffd65c90000 - 0x00007ffd66037000 	C:\WINDOWS\System32\KERNELBASE.dll
0x00007ffd66140000 - 0x00007ffd66251000 	C:\WINDOWS\System32\ucrtbase.dll
0x00007ffd2dda0000 - 0x00007ffd2ddb7000 	C:\Users\samj2\.jdks\corretto-17.0.10\bin\jli.dll
0x00007ffd21c90000 - 0x00007ffd21cab000 	C:\Users\samj2\.jdks\corretto-17.0.10\bin\VCRUNTIME140.dll
0x00007ffd66320000 - 0x00007ffd664ce000 	C:\WINDOWS\System32\USER32.dll
0x00007ffd66110000 - 0x00007ffd66136000 	C:\WINDOWS\System32\win32u.dll
0x00007ffd51f90000 - 0x00007ffd52223000 	C:\WINDOWS\WinSxS\amd64_microsoft.windows.common-controls_6595b64144ccf1df_6.0.22621.3235_none_270f74e173860f98\COMCTL32.dll
0x00007ffd66c90000 - 0x00007ffd66cb9000 	C:\WINDOWS\System32\GDI32.dll
0x00007ffd664d0000 - 0x00007ffd66577000 	C:\WINDOWS\System32\msvcrt.dll
0x00007ffd65b00000 - 0x00007ffd65c19000 	C:\WINDOWS\System32\gdi32full.dll
0x00007ffd66040000 - 0x00007ffd660da000 	C:\WINDOWS\System32\msvcp_win.dll
0x00007ffd68510000 - 0x00007ffd68541000 	C:\WINDOWS\System32\IMM32.DLL
0x00007ffd54080000 - 0x00007ffd5408c000 	C:\Users\samj2\.jdks\corretto-17.0.10\bin\vcruntime140_1.dll
0x00007ffd21c00000 - 0x00007ffd21c8d000 	C:\Users\samj2\.jdks\corretto-17.0.10\bin\msvcp140.dll
0x00007ffcfbf70000 - 0x00007ffcfcbd2000 	C:\Users\samj2\.jdks\corretto-17.0.10\bin\server\jvm.dll
0x00007ffd67670000 - 0x00007ffd67722000 	C:\WINDOWS\System32\ADVAPI32.dll
0x00007ffd683e0000 - 0x00007ffd68488000 	C:\WINDOWS\System32\sechost.dll
0x00007ffd660e0000 - 0x00007ffd66108000 	C:\WINDOWS\System32\bcrypt.dll
0x00007ffd67840000 - 0x00007ffd67955000 	C:\WINDOWS\System32\RPCRT4.dll
0x00007ffd4e850000 - 0x00007ffd4e859000 	C:\WINDOWS\SYSTEM32\WSOCK32.dll
0x00007ffd66b90000 - 0x00007ffd66c01000 	C:\WINDOWS\System32\WS2_32.dll
0x00007ffd5e060000 - 0x00007ffd5e06a000 	C:\WINDOWS\SYSTEM32\VERSION.dll
0x00007ffd5ead0000 - 0x00007ffd5eb04000 	C:\WINDOWS\SYSTEM32\WINMM.dll
0x00007ffd657e0000 - 0x00007ffd6582d000 	C:\WINDOWS\SYSTEM32\POWRPROF.dll
0x00007ffd657c0000 - 0x00007ffd657d3000 	C:\WINDOWS\SYSTEM32\UMPDC.dll
0x00007ffd64920000 - 0x00007ffd64938000 	C:\WINDOWS\SYSTEM32\kernel.appcore.dll
0x00007ffd4abb0000 - 0x00007ffd4abba000 	C:\Users\samj2\.jdks\corretto-17.0.10\bin\jimage.dll
0x00007ffd62e50000 - 0x00007ffd63083000 	C:\WINDOWS\SYSTEM32\DBGHELP.DLL
0x00007ffd68050000 - 0x00007ffd683d8000 	C:\WINDOWS\System32\combase.dll
0x00007ffd67c40000 - 0x00007ffd67d17000 	C:\WINDOWS\System32\OLEAUT32.dll
0x00007ffd4b1f0000 - 0x00007ffd4b222000 	C:\WINDOWS\SYSTEM32\dbgcore.DLL
0x00007ffd65910000 - 0x00007ffd65989000 	C:\WINDOWS\System32\bcryptPrimitives.dll
0x00007ffd21580000 - 0x00007ffd215a5000 	C:\Users\samj2\.jdks\corretto-17.0.10\bin\java.dll
0x00007ffd1b590000 - 0x00007ffd1b667000 	C:\Users\samj2\.jdks\corretto-17.0.10\bin\jsvml.dll
0x00007ffd66cc0000 - 0x00007ffd6751c000 	C:\WINDOWS\System32\SHELL32.dll
0x00007ffd63820000 - 0x00007ffd64119000 	C:\WINDOWS\SYSTEM32\windows.storage.dll
0x00007ffd636e0000 - 0x00007ffd6381e000 	C:\WINDOWS\SYSTEM32\wintypes.dll
0x00007ffd67b40000 - 0x00007ffd67c33000 	C:\WINDOWS\System32\SHCORE.dll
0x00007ffd68490000 - 0x00007ffd684ee000 	C:\WINDOWS\System32\shlwapi.dll
0x00007ffd65840000 - 0x00007ffd65861000 	C:\WINDOWS\SYSTEM32\profapi.dll
0x00007ffd21540000 - 0x00007ffd21559000 	C:\Users\samj2\.jdks\corretto-17.0.10\bin\net.dll
0x00007ffd61ae0000 - 0x00007ffd61c16000 	C:\WINDOWS\SYSTEM32\WINHTTP.dll
0x00007ffd64d90000 - 0x00007ffd64df9000 	C:\WINDOWS\system32\mswsock.dll
0x00007ffd20b80000 - 0x00007ffd20b96000 	C:\Users\samj2\.jdks\corretto-17.0.10\bin\nio.dll
0x00007ffd21560000 - 0x00007ffd21578000 	C:\Users\samj2\.jdks\corretto-17.0.10\bin\zip.dll
0x00007ffd514a0000 - 0x00007ffd51504000 	C:\Users\samj2\AppData\Local\Temp\lwjglsamj2\3.2.3-build-13\lwjgl.dll
0x00007ffd21d90000 - 0x00007ffd21df2000 	C:\Users\samj2\AppData\Local\Temp\lwjglsamj2\3.2.3-build-13\glfw.dll
0x00007ffd62ab0000 - 0x00007ffd62b5b000 	C:\WINDOWS\system32\uxtheme.dll
0x00007ffd557c0000 - 0x00007ffd55806000 	C:\WINDOWS\SYSTEM32\dinput8.dll
0x00007ffd62890000 - 0x00007ffd628a1000 	C:\WINDOWS\SYSTEM32\xinput1_4.dll
0x00007ffd65580000 - 0x00007ffd655ce000 	C:\WINDOWS\SYSTEM32\cfgmgr32.dll
0x00007ffd65550000 - 0x00007ffd6557c000 	C:\WINDOWS\SYSTEM32\DEVOBJ.dll
0x00007ffd62d60000 - 0x00007ffd62d8b000 	C:\WINDOWS\SYSTEM32\dwmapi.dll
0x00007ffd544f0000 - 0x00007ffd546fa000 	C:\WINDOWS\SYSTEM32\inputhost.dll
0x00007ffd617f0000 - 0x00007ffd61924000 	C:\WINDOWS\SYSTEM32\CoreMessaging.dll
0x00007ffd65000000 - 0x00007ffd6500c000 	C:\WINDOWS\SYSTEM32\CRYPTBASE.DLL
0x00007ffd67ee0000 - 0x00007ffd68033000 	C:\WINDOWS\System32\MSCTF.dll
0x00007ffd64120000 - 0x00007ffd6412e000 	C:\WINDOWS\SYSTEM32\HID.DLL
0x00007ffd66580000 - 0x00007ffd669f4000 	C:\WINDOWS\System32\SETUPAPI.DLL
0x00007ffd65c20000 - 0x00007ffd65c8b000 	C:\WINDOWS\System32\WINTRUST.dll
0x00007ffd65990000 - 0x00007ffd65af7000 	C:\WINDOWS\System32\CRYPT32.dll
0x00007ffd65060000 - 0x00007ffd65072000 	C:\WINDOWS\SYSTEM32\MSASN1.dll
0x00007ffd55380000 - 0x00007ffd55480000 	C:\WINDOWS\SYSTEM32\opengl32.dll
0x00007ffd556f0000 - 0x00007ffd5571d000 	C:\WINDOWS\SYSTEM32\GLU32.dll
0x00007ffd62bf0000 - 0x00007ffd62c29000 	C:\WINDOWS\SYSTEM32\dxcore.dll
0x00007ffd5ea60000 - 0x00007ffd5eaaa000 	C:\WINDOWS\SYSTEM32\directxdatabasehelper.dll
0x00007ffd66a50000 - 0x00007ffd66b00000 	C:\WINDOWS\System32\clbcatq.dll
0x00007ffd5e150000 - 0x00007ffd5e17d000 	C:\WINDOWS\System32\DriverStore\FileRepository\u0383113.inf_amd64_9242eb4af0e982f6\B383140\atig6pxx.dll
0x00007ffcedca0000 - 0x00007ffcf1646000 	C:\WINDOWS\System32\DriverStore\FileRepository\u0383113.inf_amd64_9242eb4af0e982f6\B383140\atio6axx.dll
0x00007ffd572a0000 - 0x00007ffd573ea000 	C:\WINDOWS\SYSTEM32\textinputframework.dll
0x00007ffd5e2a0000 - 0x00007ffd5e60c000 	C:\WINDOWS\SYSTEM32\CoreUIComponents.dll
0x00007ffd1d700000 - 0x00007ffd1d759000 	C:\Users\samj2\AppData\Local\Temp\lwjglsamj2\3.2.3-build-13\lwjgl_opengl.dll
0x00007ffd18e20000 - 0x00007ffd18fb0000 	C:\Users\samj2\.jdks\corretto-17.0.10\bin\awt.dll
0x00007ffd61f30000 - 0x00007ffd61fc7000 	C:\WINDOWS\SYSTEM32\apphelp.dll

dbghelp: loaded successfully - version: 4.0.5 - missing functions: none
symbol engine: initialized successfully - sym options: 0x614 - pdb path: .;C:\Users\samj2\.jdks\corretto-17.0.10\bin;C:\WINDOWS\SYSTEM32;C:\WINDOWS\WinSxS\amd64_microsoft.windows.common-controls_6595b64144ccf1df_6.0.22621.3235_none_270f74e173860f98;C:\Users\samj2\.jdks\corretto-17.0.10\bin\server;C:\Users\samj2\AppData\Local\Temp\lwjglsamj2\3.2.3-build-13;C:\WINDOWS\System32\DriverStore\FileRepository\u0383113.inf_amd64_9242eb4af0e982f6\B383140

VM Arguments:
jvm_args: -Dfile.encoding=windows-1252 -Duser.country=US -Duser.language=en -Duser.variant 
java_command: org.main.Main
java_class_path (initial): C:\Users\samj2\Documents\School\CS 2 - Java\Minecraft\MinecraftCatalyst\build\classes\java\main;C:\Users\samj2\Documents\School\CS 2 - Java\Minecraft\MinecraftCatalyst\build\resources\main;C:\Users\samj2\Documents\School\CS 2 - Java\Minecraft\MinecraftCatalyst\libs\slick-util3.jar;C:\Users\samj2\.gradle\caches\modules-2\files-2.1\org.lwjgl\lwjgl-assimp\3.2.3\f62aa07a20afbdd3097efc296c4841e0d29700eb\lwjgl-assimp-3.2.3.jar;C:\Users\samj2\.gradle\caches\modules-2\files-2.1\org.lwjgl\lwjgl-assimp\3.2.3\4e60aeb75f0343c4a9ede4ef8b6b32ca702a00a3\lwjgl-assimp-3.2.3-natives-windows.jar;C:\Users\samj2\.gradle\caches\modules-2\files-2.1\org.lwjgl\lwjgl-bgfx\3.2.3\433883c4040fa8df47244dffa1d42c96ce2143de\lwjgl-bgfx-3.2.3.jar;C:\Users\samj2\.gradle\caches\modules-2\files-2.1\org.lwjgl\lwjgl-bgfx\3.2.3\f589da97dd3cfa96f42c8c812a0a028cf28223b8\lwjgl-bgfx-3.2.3-natives-windows.jar;C:\Users\samj2\.gradle\caches\modules-2\files-2.1\org.lwjgl\lwjgl-glfw\3.2.3\5e520d5c290c8b012545a8d34fa5db5ab051ea53\lwjgl-glfw-3.2.3.jar;C:\Users\samj2\.gradle\caches\modules-2\files-2.1\org.lwjgl\lwjgl-glfw\3.2.3\b4d8a3477cdc2edcf7a5f1e822926be846223f54\lwjgl-glfw-3.2.3-natives-windows.jar;C:\Users\samj2\.gradle\caches\modules-2\files-2.1\org.lwjgl\lwjgl-nanovg\3.2.3\718be4a13691d1cd276fa852326e9e837d65204e\lwjgl-nanovg-3.2.3.jar;C:\Users\samj2\.gradle\caches\modules-2\files-2.1\org.lwjgl\lwjgl-nanovg\3.2.3\2fbe5c2849bcf182ba3c6c09828f032a64cd47ec\lwjgl-nanovg-3.2.3-natives-windows.jar;C:\Users\samj2\.gradle\caches\modules-2\files-2.1\org.lwjgl\lwjgl-nuklear\3.2.3\45bfab23e975201bf3cb81287be6034adec64a86\lwjgl-nuklear-3.2.3.jar;C:\Users\samj2\.gradle\caches\modules-2\files-2.1\org.lwjgl\lwjgl-nuklear\3.2.3\ccb63f09670e43e58969b567ef42e02275be555a\lwjgl-nuklear-3.2.3-natives-windows.jar;C:\Users\samj2\.gradle\caches\modules-2\files-2.1\org.lwjgl\lwjgl-openal\3.2.3\106742e805803ab9eab8e343f0fb31a3d263903c\lwjgl-openal-3.2.3.jar;C:\Users\samj2\.gradle\caches\modules-2\files-2.
Launcher Type: SUN_STANDARD

[Global flags]
     intx CICompilerCount                          = 12                                        {product} {ergonomic}
     uint ConcGCThreads                            = 3                                         {product} {ergonomic}
     uint G1ConcRefinementThreads                  = 13                                        {product} {ergonomic}
   size_t G1HeapRegionSize                         = 2097152                                   {product} {ergonomic}
    uintx GCDrainStackTargetSize                   = 64                                        {product} {ergonomic}
   size_t InitialHeapSize                          = 255852544                                 {product} {ergonomic}
   size_t MarkStackSize                            = 4194304                                   {product} {ergonomic}
   size_t MaxHeapSize                              = 4089446400                                {product} {ergonomic}
   size_t MaxNewSize                               = 2453667840                                {product} {ergonomic}
   size_t MinHeapDeltaBytes                        = 2097152                                   {product} {ergonomic}
   size_t MinHeapSize                              = 8388608                                   {product} {ergonomic}
    uintx NonNMethodCodeHeapSize                   = 7602480                                {pd product} {ergonomic}
    uintx NonProfiledCodeHeapSize                  = 122027880                              {pd product} {ergonomic}
    uintx ProfiledCodeHeapSize                     = 122027880                              {pd product} {ergonomic}
    uintx ReservedCodeCacheSize                    = 251658240                              {pd product} {ergonomic}
     bool SegmentedCodeCache                       = true                                      {product} {ergonomic}
   size_t SoftMaxHeapSize                          = 4089446400                             {manageable} {ergonomic}
     bool UseCompressedClassPointers               = true                           {product lp64_product} {ergonomic}
     bool UseCompressedOops                        = true                           {product lp64_product} {ergonomic}
     bool UseG1GC                                  = true                                      {product} {ergonomic}
     bool UseLargePagesIndividualAllocation        = false                                  {pd product} {ergonomic}

Logging:
Log output configuration:
 #0: stdout all=warning uptime,level,tags
 #1: stderr all=off uptime,level,tags

Environment Variables:
PATH=C:\Program Files\Oculus\Support\oculus-runtime;C:\Program Files\National Instruments\Shared\OpenVINO\;C:\Program Files\PlasticSCM5\server;C:\Program Files\PlasticSCM5\client;C:\Program Files (x86)\Common Files\Intel\Shared Libraries\redist\intel64\compiler;C:\WINDOWS\system32;C:\WINDOWS;C:\WINDOWS\System32\Wbem;C:\WINDOWS\System32\WindowsPowerShell\v1.0\;C:\WINDOWS\System32\OpenSSH\;C:\Program Files\dotnet\;C:\Program Files\Git\cmd;C:\Program Files\nodejs\;C:\ProgramData\chocolatey\bin;C:\Users\samj2\AppData\Local\Microsoft\WindowsApps;C:\Users\samj2\AppData\Local\Programs\Microsoft VS Code\bin;C:\Users\samj2\.dotnet\tools;C:\Users\samj2\AppData\Local\GitHubDesktop\bin;C:\Users\samj2\AppData\Local\gitkraken\bin;C:\Users\samj2\.dotnet\tools;C:\Users\samj2\AppData\Roaming\npm
USERNAME=samj2
OS=Windows_NT
PROCESSOR_IDENTIFIER=AMD64 Family 25 Model 68 Stepping 1, AuthenticAMD
TMP=C:\Users\samj2\AppData\Local\Temp
TEMP=C:\Users\samj2\AppData\Local\Temp



Periodic native trim disabled


---------------  S Y S T E M  ---------------

OS:
 Windows 11 , 64 bit Build 22621 (10.0.22621.3374)
OS uptime: 1 days 8:06 hours
Hyper-V role detected

CPU: total 16 (initial active 16) (16 cores per cpu, 2 threads per core) family 25 model 68 stepping 1 microcode 0x0, cx8, cmov, fxsr, ht, mmx, 3dnowpref, sse, sse2, sse3, ssse3, sse4a, sse4.1, sse4.2, popcnt, lzcnt, tsc, tscinvbit, avx, avx2, aes, erms, clmul, bmi1, bmi2, adx, sha, fma, vzeroupper, clflush, clflushopt, hv
Processor Information for processor 0
  Max Mhz: 3301, Current Mhz: 2022, Mhz Limit: 3301
Processor Information for processor 1
  Max Mhz: 3301, Current Mhz: 2022, Mhz Limit: 3301
Processor Information for processor 2
  Max Mhz: 3301, Current Mhz: 2022, Mhz Limit: 3301
Processor Information for processor 3
  Max Mhz: 3301, Current Mhz: 2022, Mhz Limit: 3301
Processor Information for processor 4
  Max Mhz: 3301, Current Mhz: 2022, Mhz Limit: 3301
Processor Information for processor 5
  Max Mhz: 3301, Current Mhz: 2022, Mhz Limit: 3301
Processor Information for processor 6
  Max Mhz: 3301, Current Mhz: 2022, Mhz Limit: 3301
Processor Information for processor 7
  Max Mhz: 3301, Current Mhz: 2022, Mhz Limit: 3301
Processor Information for processor 8
  Max Mhz: 3301, Current Mhz: 2022, Mhz Limit: 3301
Processor Information for processor 9
  Max Mhz: 3301, Current Mhz: 2022, Mhz Limit: 3301
Processor Information for processor 10
  Max Mhz: 3301, Current Mhz: 2022, Mhz Limit: 3301
Processor Information for processor 11
  Max Mhz: 3301, Current Mhz: 3301, Mhz Limit: 3301
Processor Information for processor 12
  Max Mhz: 3301, Current Mhz: 2022, Mhz Limit: 3301
Processor Information for processor 13
  Max Mhz: 3301, Current Mhz: 2022, Mhz Limit: 3301
Processor Information for processor 14
  Max Mhz: 3301, Current Mhz: 2022, Mhz Limit: 3301
Processor Information for processor 15
  Max Mhz: 3301, Current Mhz: 2022, Mhz Limit: 3301

Memory: 4k page, system-wide physical 15596M (7197M free)
TotalPageFile size 49673M (AvailPageFile size 9437M)
current process WorkingSet (physical memory assigned to process): 170M, peak: 175M
current process commit charge ("private bytes"): 482M, peak: 488M

vm_info: OpenJDK 64-Bit Server VM (17.0.10+7-LTS) for windows-amd64 JRE (17.0.10+7-LTS), built on Jan 10 2024 22:11:07 by "Administrator" with MS VC++ 16.10 / 16.11 (VS2019)

END.
